[1.139s] Invoking command in '/home/sitong/micro_ros_ws/firmware/mcu_ws/uros/tracetools/tracetools_trace': PYTHONPATH=/home/sitong/micro_ros_ws/firmware/mcu_ws/build/tracetools_trace/prefix_override:/home/sitong/micro_ros_ws/firmware/toolchain/espressif/python_env/idf4.1_py3.10_env/lib/python3.10/site-packages/colcon_core/task/python/colcon_distutils_commands:/home/sitong/micro_ros_ws/firmware/mcu_ws/install/lib/python3.10/site-packages:${PYTHONPATH} /home/sitong/micro_ros_ws/firmware/toolchain/espressif/python_env/idf4.1_py3.10_env/bin/python -W ignore:setup.py install is deprecated setup.py egg_info --egg-base ../../../build/tracetools_trace build --build-base /home/sitong/micro_ros_ws/firmware/mcu_ws/build/tracetools_trace/build install --record /home/sitong/micro_ros_ws/firmware/mcu_ws/build/tracetools_trace/install.log --single-version-externally-managed install_data
[1.300s] /home/sitong/micro_ros_ws/firmware/toolchain/espressif/python_env/idf4.1_py3.10_env/lib/python3.10/site-packages/setuptools/_distutils/dist.py:261: UserWarning: Unknown distribution option: 'tests_require'
[1.300s]   warnings.warn(msg)
[1.373s] running egg_info
[1.382s] creating ../../../build/tracetools_trace/tracetools_trace.egg-info
[1.383s] writing ../../../build/tracetools_trace/tracetools_trace.egg-info/PKG-INFO
[1.383s] writing dependency_links to ../../../build/tracetools_trace/tracetools_trace.egg-info/dependency_links.txt
[1.384s] writing entry points to ../../../build/tracetools_trace/tracetools_trace.egg-info/entry_points.txt
[1.384s] writing requirements to ../../../build/tracetools_trace/tracetools_trace.egg-info/requires.txt
[1.384s] writing top-level names to ../../../build/tracetools_trace/tracetools_trace.egg-info/top_level.txt
[1.386s] writing manifest file '../../../build/tracetools_trace/tracetools_trace.egg-info/SOURCES.txt'
[1.414s] reading manifest file '../../../build/tracetools_trace/tracetools_trace.egg-info/SOURCES.txt'
[1.414s] writing manifest file '../../../build/tracetools_trace/tracetools_trace.egg-info/SOURCES.txt'
[1.414s] running build
[1.414s] running build_py
[1.414s] creating /home/sitong/micro_ros_ws/firmware/mcu_ws/build/tracetools_trace/build/lib/tracetools_trace
[1.418s] copying tracetools_trace/__init__.py -> /home/sitong/micro_ros_ws/firmware/mcu_ws/build/tracetools_trace/build/lib/tracetools_trace
[1.419s] copying tracetools_trace/trace.py -> /home/sitong/micro_ros_ws/firmware/mcu_ws/build/tracetools_trace/build/lib/tracetools_trace
[1.419s] creating /home/sitong/micro_ros_ws/firmware/mcu_ws/build/tracetools_trace/build/lib/tracetools_trace/tools
[1.419s] copying tracetools_trace/tools/__init__.py -> /home/sitong/micro_ros_ws/firmware/mcu_ws/build/tracetools_trace/build/lib/tracetools_trace/tools
[1.419s] copying tracetools_trace/tools/lttng_impl.py -> /home/sitong/micro_ros_ws/firmware/mcu_ws/build/tracetools_trace/build/lib/tracetools_trace/tools
[1.419s] copying tracetools_trace/tools/path.py -> /home/sitong/micro_ros_ws/firmware/mcu_ws/build/tracetools_trace/build/lib/tracetools_trace/tools
[1.419s] copying tracetools_trace/tools/lttng.py -> /home/sitong/micro_ros_ws/firmware/mcu_ws/build/tracetools_trace/build/lib/tracetools_trace/tools
[1.419s] copying tracetools_trace/tools/tracepoints.py -> /home/sitong/micro_ros_ws/firmware/mcu_ws/build/tracetools_trace/build/lib/tracetools_trace/tools
[1.419s] copying tracetools_trace/tools/signals.py -> /home/sitong/micro_ros_ws/firmware/mcu_ws/build/tracetools_trace/build/lib/tracetools_trace/tools
[1.419s] copying tracetools_trace/tools/args.py -> /home/sitong/micro_ros_ws/firmware/mcu_ws/build/tracetools_trace/build/lib/tracetools_trace/tools
[1.420s] copying tracetools_trace/tools/lttng_stub.py -> /home/sitong/micro_ros_ws/firmware/mcu_ws/build/tracetools_trace/build/lib/tracetools_trace/tools
[1.420s] copying tracetools_trace/tools/names.py -> /home/sitong/micro_ros_ws/firmware/mcu_ws/build/tracetools_trace/build/lib/tracetools_trace/tools
[1.420s] running install
[1.427s] running install_lib
[1.438s] creating /home/sitong/micro_ros_ws/firmware/mcu_ws/install/lib/python3.10/site-packages/tracetools_trace
[1.438s] copying /home/sitong/micro_ros_ws/firmware/mcu_ws/build/tracetools_trace/build/lib/tracetools_trace/__init__.py -> /home/sitong/micro_ros_ws/firmware/mcu_ws/install/lib/python3.10/site-packages/tracetools_trace
[1.439s] copying /home/sitong/micro_ros_ws/firmware/mcu_ws/build/tracetools_trace/build/lib/tracetools_trace/trace.py -> /home/sitong/micro_ros_ws/firmware/mcu_ws/install/lib/python3.10/site-packages/tracetools_trace
[1.439s] creating /home/sitong/micro_ros_ws/firmware/mcu_ws/install/lib/python3.10/site-packages/tracetools_trace/tools
[1.439s] copying /home/sitong/micro_ros_ws/firmware/mcu_ws/build/tracetools_trace/build/lib/tracetools_trace/tools/__init__.py -> /home/sitong/micro_ros_ws/firmware/mcu_ws/install/lib/python3.10/site-packages/tracetools_trace/tools
[1.439s] copying /home/sitong/micro_ros_ws/firmware/mcu_ws/build/tracetools_trace/build/lib/tracetools_trace/tools/lttng_impl.py -> /home/sitong/micro_ros_ws/firmware/mcu_ws/install/lib/python3.10/site-packages/tracetools_trace/tools
[1.440s] copying /home/sitong/micro_ros_ws/firmware/mcu_ws/build/tracetools_trace/build/lib/tracetools_trace/tools/path.py -> /home/sitong/micro_ros_ws/firmware/mcu_ws/install/lib/python3.10/site-packages/tracetools_trace/tools
[1.443s] copying /home/sitong/micro_ros_ws/firmware/mcu_ws/build/tracetools_trace/build/lib/tracetools_trace/tools/lttng.py -> /home/sitong/micro_ros_ws/firmware/mcu_ws/install/lib/python3.10/site-packages/tracetools_trace/tools
[1.443s] copying /home/sitong/micro_ros_ws/firmware/mcu_ws/build/tracetools_trace/build/lib/tracetools_trace/tools/tracepoints.py -> /home/sitong/micro_ros_ws/firmware/mcu_ws/install/lib/python3.10/site-packages/tracetools_trace/tools
[1.443s] copying /home/sitong/micro_ros_ws/firmware/mcu_ws/build/tracetools_trace/build/lib/tracetools_trace/tools/signals.py -> /home/sitong/micro_ros_ws/firmware/mcu_ws/install/lib/python3.10/site-packages/tracetools_trace/tools
[1.443s] copying /home/sitong/micro_ros_ws/firmware/mcu_ws/build/tracetools_trace/build/lib/tracetools_trace/tools/args.py -> /home/sitong/micro_ros_ws/firmware/mcu_ws/install/lib/python3.10/site-packages/tracetools_trace/tools
[1.444s] copying /home/sitong/micro_ros_ws/firmware/mcu_ws/build/tracetools_trace/build/lib/tracetools_trace/tools/lttng_stub.py -> /home/sitong/micro_ros_ws/firmware/mcu_ws/install/lib/python3.10/site-packages/tracetools_trace/tools
[1.444s] copying /home/sitong/micro_ros_ws/firmware/mcu_ws/build/tracetools_trace/build/lib/tracetools_trace/tools/names.py -> /home/sitong/micro_ros_ws/firmware/mcu_ws/install/lib/python3.10/site-packages/tracetools_trace/tools
[1.444s] byte-compiling /home/sitong/micro_ros_ws/firmware/mcu_ws/install/lib/python3.10/site-packages/tracetools_trace/__init__.py to __init__.cpython-310.pyc
[1.444s] byte-compiling /home/sitong/micro_ros_ws/firmware/mcu_ws/install/lib/python3.10/site-packages/tracetools_trace/trace.py to trace.cpython-310.pyc
[1.448s] byte-compiling /home/sitong/micro_ros_ws/firmware/mcu_ws/install/lib/python3.10/site-packages/tracetools_trace/tools/__init__.py to __init__.cpython-310.pyc
[1.449s] byte-compiling /home/sitong/micro_ros_ws/firmware/mcu_ws/install/lib/python3.10/site-packages/tracetools_trace/tools/lttng_impl.py to lttng_impl.cpython-310.pyc
[1.449s] byte-compiling /home/sitong/micro_ros_ws/firmware/mcu_ws/install/lib/python3.10/site-packages/tracetools_trace/tools/path.py to path.cpython-310.pyc
[1.449s] byte-compiling /home/sitong/micro_ros_ws/firmware/mcu_ws/install/lib/python3.10/site-packages/tracetools_trace/tools/lttng.py to lttng.cpython-310.pyc
[1.449s] byte-compiling /home/sitong/micro_ros_ws/firmware/mcu_ws/install/lib/python3.10/site-packages/tracetools_trace/tools/tracepoints.py to tracepoints.cpython-310.pyc
[1.450s] byte-compiling /home/sitong/micro_ros_ws/firmware/mcu_ws/install/lib/python3.10/site-packages/tracetools_trace/tools/signals.py to signals.cpython-310.pyc
[1.454s] byte-compiling /home/sitong/micro_ros_ws/firmware/mcu_ws/install/lib/python3.10/site-packages/tracetools_trace/tools/args.py to args.cpython-310.pyc
[1.454s] byte-compiling /home/sitong/micro_ros_ws/firmware/mcu_ws/install/lib/python3.10/site-packages/tracetools_trace/tools/lttng_stub.py to lttng_stub.cpython-310.pyc
[1.454s] byte-compiling /home/sitong/micro_ros_ws/firmware/mcu_ws/install/lib/python3.10/site-packages/tracetools_trace/tools/names.py to names.cpython-310.pyc
[1.455s] running install_data
[1.455s] copying package.xml -> /home/sitong/micro_ros_ws/firmware/mcu_ws/install/share/tracetools_trace
[1.455s] copying resource/tracetools_trace -> /home/sitong/micro_ros_ws/firmware/mcu_ws/install/share/ament_index/resource_index/packages
[1.455s] running install_egg_info
[1.469s] Copying ../../../build/tracetools_trace/tracetools_trace.egg-info to /home/sitong/micro_ros_ws/firmware/mcu_ws/install/lib/python3.10/site-packages/tracetools_trace-4.1.1-py3.10.egg-info
[1.474s] running install_scripts
[1.560s] Installing trace script to /home/sitong/micro_ros_ws/firmware/mcu_ws/install/bin
[1.560s] writing list of installed files to '/home/sitong/micro_ros_ws/firmware/mcu_ws/build/tracetools_trace/install.log'
[1.606s] Invoked command in '/home/sitong/micro_ros_ws/firmware/mcu_ws/uros/tracetools/tracetools_trace' returned '0': PYTHONPATH=/home/sitong/micro_ros_ws/firmware/mcu_ws/build/tracetools_trace/prefix_override:/home/sitong/micro_ros_ws/firmware/toolchain/espressif/python_env/idf4.1_py3.10_env/lib/python3.10/site-packages/colcon_core/task/python/colcon_distutils_commands:/home/sitong/micro_ros_ws/firmware/mcu_ws/install/lib/python3.10/site-packages:${PYTHONPATH} /home/sitong/micro_ros_ws/firmware/toolchain/espressif/python_env/idf4.1_py3.10_env/bin/python -W ignore:setup.py install is deprecated setup.py egg_info --egg-base ../../../build/tracetools_trace build --build-base /home/sitong/micro_ros_ws/firmware/mcu_ws/build/tracetools_trace/build install --record /home/sitong/micro_ros_ws/firmware/mcu_ws/build/tracetools_trace/install.log --single-version-externally-managed install_data
