[0.075s] DEBUG:colcon:Command line arguments: ['/usr/bin/colcon', 'build']
[0.075s] DEBUG:colcon:Parsed command line arguments: Namespace(log_base=None, log_level=None, verb_name='build', build_base='build', install_base='install', merge_install=False, symlink_install=False, test_result_base=None, continue_on_error=False, executor='parallel', parallel_workers=16, event_handlers=None, ignore_user_meta=False, metas=['./colcon.meta'], base_paths=['.'], packages_ignore=None, packages_ignore_regex=None, paths=None, packages_up_to=None, packages_up_to_regex=None, packages_above=None, packages_above_and_dependencies=None, packages_above_depth=None, packages_select_by_dep=None, packages_skip_by_dep=None, packages_skip_up_to=None, packages_select_build_failed=False, packages_skip_build_finished=False, packages_select_test_failures=False, packages_skip_test_passed=False, packages_select=None, packages_skip=None, packages_select_regex=None, packages_skip_regex=None, packages_start=None, packages_end=None, allow_overriding=[], cmake_args=None, cmake_target=None, cmake_target_skip_unavailable=False, cmake_clean_cache=False, cmake_clean_first=False, cmake_force_configure=False, ament_cmake_args=None, catkin_cmake_args=None, catkin_skip_building_tests=False, verb_parser=<colcon_defaults.argument_parser.defaults.DefaultArgumentsDecorator object at 0x7c567e007f70>, verb_extension=<colcon_core.verb.build.BuildVerb object at 0x7c567e770100>, main=<bound method BuildVerb.main of <colcon_core.verb.build.BuildVerb object at 0x7c567e770100>>)
[0.189s] Level 1:colcon.colcon_core.package_discovery:discover_packages(colcon_meta) check parameters
[0.189s] Level 1:colcon.colcon_core.package_discovery:discover_packages(recursive) check parameters
[0.189s] Level 1:colcon.colcon_core.package_discovery:discover_packages(ignore) check parameters
[0.189s] Level 1:colcon.colcon_core.package_discovery:discover_packages(path) check parameters
[0.189s] Level 1:colcon.colcon_core.package_discovery:discover_packages(colcon_meta) discover
[0.189s] Level 1:colcon.colcon_core.package_discovery:discover_packages(recursive) discover
[0.189s] INFO:colcon.colcon_core.package_discovery:Crawling recursively for packages in '/home/sitong/micro_ros_ws'
[0.189s] Level 1:colcon.colcon_core.package_identification:_identify(.) by extensions ['ignore', 'ignore_ament_install']
[0.189s] Level 1:colcon.colcon_core.package_identification:_identify(.) by extension 'ignore'
[0.189s] Level 1:colcon.colcon_core.package_identification:_identify(.) by extension 'ignore_ament_install'
[0.189s] Level 1:colcon.colcon_core.package_identification:_identify(.) by extensions ['colcon_pkg']
[0.189s] Level 1:colcon.colcon_core.package_identification:_identify(.) by extension 'colcon_pkg'
[0.189s] Level 1:colcon.colcon_core.package_identification:_identify(.) by extensions ['colcon_meta']
[0.189s] Level 1:colcon.colcon_core.package_identification:_identify(.) by extension 'colcon_meta'
[0.189s] Level 1:colcon.colcon_core.package_identification:_identify(.) by extensions ['ros']
[0.189s] Level 1:colcon.colcon_core.package_identification:_identify(.) by extension 'ros'
[0.197s] Level 1:colcon.colcon_core.package_identification:_identify(.) by extensions ['cmake', 'python']
[0.197s] Level 1:colcon.colcon_core.package_identification:_identify(.) by extension 'cmake'
[0.197s] Level 1:colcon.colcon_core.package_identification:_identify(.) by extension 'python'
[0.197s] Level 1:colcon.colcon_core.package_identification:_identify(.) by extensions ['python_setup_py']
[0.197s] Level 1:colcon.colcon_core.package_identification:_identify(.) by extension 'python_setup_py'
[0.197s] Level 1:colcon.colcon_core.package_identification:_identify(build) by extensions ['ignore', 'ignore_ament_install']
[0.198s] Level 1:colcon.colcon_core.package_identification:_identify(build) by extension 'ignore'
[0.198s] Level 1:colcon.colcon_core.package_identification:_identify(build) ignored
[0.198s] Level 1:colcon.colcon_core.package_identification:_identify(install) by extensions ['ignore', 'ignore_ament_install']
[0.198s] Level 1:colcon.colcon_core.package_identification:_identify(install) by extension 'ignore'
[0.198s] Level 1:colcon.colcon_core.package_identification:_identify(install) ignored
[0.198s] Level 1:colcon.colcon_core.package_identification:_identify(log) by extensions ['ignore', 'ignore_ament_install']
[0.198s] Level 1:colcon.colcon_core.package_identification:_identify(log) by extension 'ignore'
[0.198s] Level 1:colcon.colcon_core.package_identification:_identify(log) ignored
[0.198s] Level 1:colcon.colcon_core.package_identification:_identify(src) by extensions ['ignore', 'ignore_ament_install']
[0.198s] Level 1:colcon.colcon_core.package_identification:_identify(src) by extension 'ignore'
[0.198s] Level 1:colcon.colcon_core.package_identification:_identify(src) by extension 'ignore_ament_install'
[0.198s] Level 1:colcon.colcon_core.package_identification:_identify(src) by extensions ['colcon_pkg']
[0.198s] Level 1:colcon.colcon_core.package_identification:_identify(src) by extension 'colcon_pkg'
[0.198s] Level 1:colcon.colcon_core.package_identification:_identify(src) by extensions ['colcon_meta']
[0.198s] Level 1:colcon.colcon_core.package_identification:_identify(src) by extension 'colcon_meta'
[0.198s] Level 1:colcon.colcon_core.package_identification:_identify(src) by extensions ['ros']
[0.198s] Level 1:colcon.colcon_core.package_identification:_identify(src) by extension 'ros'
[0.198s] Level 1:colcon.colcon_core.package_identification:_identify(src) by extensions ['cmake', 'python']
[0.198s] Level 1:colcon.colcon_core.package_identification:_identify(src) by extension 'cmake'
[0.198s] Level 1:colcon.colcon_core.package_identification:_identify(src) by extension 'python'
[0.198s] Level 1:colcon.colcon_core.package_identification:_identify(src) by extensions ['python_setup_py']
[0.198s] Level 1:colcon.colcon_core.package_identification:_identify(src) by extension 'python_setup_py'
[0.198s] Level 1:colcon.colcon_core.package_identification:_identify(src/micro_ros_setup) by extensions ['ignore', 'ignore_ament_install']
[0.199s] Level 1:colcon.colcon_core.package_identification:_identify(src/micro_ros_setup) by extension 'ignore'
[0.199s] Level 1:colcon.colcon_core.package_identification:_identify(src/micro_ros_setup) by extension 'ignore_ament_install'
[0.199s] Level 1:colcon.colcon_core.package_identification:_identify(src/micro_ros_setup) by extensions ['colcon_pkg']
[0.199s] Level 1:colcon.colcon_core.package_identification:_identify(src/micro_ros_setup) by extension 'colcon_pkg'
[0.199s] Level 1:colcon.colcon_core.package_identification:_identify(src/micro_ros_setup) by extensions ['colcon_meta']
[0.199s] Level 1:colcon.colcon_core.package_identification:_identify(src/micro_ros_setup) by extension 'colcon_meta'
[0.199s] Level 1:colcon.colcon_core.package_identification:_identify(src/micro_ros_setup) by extensions ['ros']
[0.199s] Level 1:colcon.colcon_core.package_identification:_identify(src/micro_ros_setup) by extension 'ros'
[0.201s] DEBUG:colcon.colcon_core.package_identification:Package 'src/micro_ros_setup' with type 'ros.ament_cmake' and name 'micro_ros_setup'
[0.201s] Level 1:colcon.colcon_core.package_identification:_identify(src/uros) by extensions ['ignore', 'ignore_ament_install']
[0.201s] Level 1:colcon.colcon_core.package_identification:_identify(src/uros) by extension 'ignore'
[0.201s] Level 1:colcon.colcon_core.package_identification:_identify(src/uros) by extension 'ignore_ament_install'
[0.201s] Level 1:colcon.colcon_core.package_identification:_identify(src/uros) by extensions ['colcon_pkg']
[0.201s] Level 1:colcon.colcon_core.package_identification:_identify(src/uros) by extension 'colcon_pkg'
[0.201s] Level 1:colcon.colcon_core.package_identification:_identify(src/uros) by extensions ['colcon_meta']
[0.201s] Level 1:colcon.colcon_core.package_identification:_identify(src/uros) by extension 'colcon_meta'
[0.201s] Level 1:colcon.colcon_core.package_identification:_identify(src/uros) by extensions ['ros']
[0.201s] Level 1:colcon.colcon_core.package_identification:_identify(src/uros) by extension 'ros'
[0.201s] Level 1:colcon.colcon_core.package_identification:_identify(src/uros) by extensions ['cmake', 'python']
[0.201s] Level 1:colcon.colcon_core.package_identification:_identify(src/uros) by extension 'cmake'
[0.201s] Level 1:colcon.colcon_core.package_identification:_identify(src/uros) by extension 'python'
[0.201s] Level 1:colcon.colcon_core.package_identification:_identify(src/uros) by extensions ['python_setup_py']
[0.201s] Level 1:colcon.colcon_core.package_identification:_identify(src/uros) by extension 'python_setup_py'
[0.201s] Level 1:colcon.colcon_core.package_identification:_identify(src/uros/micro-ROS-Agent) by extensions ['ignore', 'ignore_ament_install']
[0.201s] Level 1:colcon.colcon_core.package_identification:_identify(src/uros/micro-ROS-Agent) by extension 'ignore'
[0.201s] Level 1:colcon.colcon_core.package_identification:_identify(src/uros/micro-ROS-Agent) by extension 'ignore_ament_install'
[0.202s] Level 1:colcon.colcon_core.package_identification:_identify(src/uros/micro-ROS-Agent) by extensions ['colcon_pkg']
[0.202s] Level 1:colcon.colcon_core.package_identification:_identify(src/uros/micro-ROS-Agent) by extension 'colcon_pkg'
[0.202s] Level 1:colcon.colcon_core.package_identification:_identify(src/uros/micro-ROS-Agent) by extensions ['colcon_meta']
[0.202s] Level 1:colcon.colcon_core.package_identification:_identify(src/uros/micro-ROS-Agent) by extension 'colcon_meta'
[0.202s] Level 1:colcon.colcon_core.package_identification:_identify(src/uros/micro-ROS-Agent) by extensions ['ros']
[0.202s] Level 1:colcon.colcon_core.package_identification:_identify(src/uros/micro-ROS-Agent) by extension 'ros'
[0.202s] Level 1:colcon.colcon_core.package_identification:_identify(src/uros/micro-ROS-Agent) by extensions ['cmake', 'python']
[0.202s] Level 1:colcon.colcon_core.package_identification:_identify(src/uros/micro-ROS-Agent) by extension 'cmake'
[0.202s] Level 1:colcon.colcon_core.package_identification:_identify(src/uros/micro-ROS-Agent) by extension 'python'
[0.202s] Level 1:colcon.colcon_core.package_identification:_identify(src/uros/micro-ROS-Agent) by extensions ['python_setup_py']
[0.202s] Level 1:colcon.colcon_core.package_identification:_identify(src/uros/micro-ROS-Agent) by extension 'python_setup_py'
[0.202s] Level 1:colcon.colcon_core.package_identification:_identify(src/uros/micro-ROS-Agent/micro_ros_agent) by extensions ['ignore', 'ignore_ament_install']
[0.202s] Level 1:colcon.colcon_core.package_identification:_identify(src/uros/micro-ROS-Agent/micro_ros_agent) by extension 'ignore'
[0.202s] Level 1:colcon.colcon_core.package_identification:_identify(src/uros/micro-ROS-Agent/micro_ros_agent) by extension 'ignore_ament_install'
[0.202s] Level 1:colcon.colcon_core.package_identification:_identify(src/uros/micro-ROS-Agent/micro_ros_agent) by extensions ['colcon_pkg']
[0.202s] Level 1:colcon.colcon_core.package_identification:_identify(src/uros/micro-ROS-Agent/micro_ros_agent) by extension 'colcon_pkg'
[0.202s] Level 1:colcon.colcon_core.package_identification:_identify(src/uros/micro-ROS-Agent/micro_ros_agent) by extensions ['colcon_meta']
[0.202s] Level 1:colcon.colcon_core.package_identification:_identify(src/uros/micro-ROS-Agent/micro_ros_agent) by extension 'colcon_meta'
[0.202s] Level 1:colcon.colcon_core.package_identification:_identify(src/uros/micro-ROS-Agent/micro_ros_agent) by extensions ['ros']
[0.202s] Level 1:colcon.colcon_core.package_identification:_identify(src/uros/micro-ROS-Agent/micro_ros_agent) by extension 'ros'
[0.203s] DEBUG:colcon.colcon_core.package_identification:Package 'src/uros/micro-ROS-Agent/micro_ros_agent' with type 'ros.ament_cmake' and name 'micro_ros_agent'
[0.203s] Level 1:colcon.colcon_core.package_identification:_identify(src/uros/micro-ROS-Agent/snap) by extensions ['ignore', 'ignore_ament_install']
[0.203s] Level 1:colcon.colcon_core.package_identification:_identify(src/uros/micro-ROS-Agent/snap) by extension 'ignore'
[0.203s] Level 1:colcon.colcon_core.package_identification:_identify(src/uros/micro-ROS-Agent/snap) by extension 'ignore_ament_install'
[0.203s] Level 1:colcon.colcon_core.package_identification:_identify(src/uros/micro-ROS-Agent/snap) by extensions ['colcon_pkg']
[0.203s] Level 1:colcon.colcon_core.package_identification:_identify(src/uros/micro-ROS-Agent/snap) by extension 'colcon_pkg'
[0.203s] Level 1:colcon.colcon_core.package_identification:_identify(src/uros/micro-ROS-Agent/snap) by extensions ['colcon_meta']
[0.203s] Level 1:colcon.colcon_core.package_identification:_identify(src/uros/micro-ROS-Agent/snap) by extension 'colcon_meta'
[0.203s] Level 1:colcon.colcon_core.package_identification:_identify(src/uros/micro-ROS-Agent/snap) by extensions ['ros']
[0.203s] Level 1:colcon.colcon_core.package_identification:_identify(src/uros/micro-ROS-Agent/snap) by extension 'ros'
[0.203s] Level 1:colcon.colcon_core.package_identification:_identify(src/uros/micro-ROS-Agent/snap) by extensions ['cmake', 'python']
[0.203s] Level 1:colcon.colcon_core.package_identification:_identify(src/uros/micro-ROS-Agent/snap) by extension 'cmake'
[0.203s] Level 1:colcon.colcon_core.package_identification:_identify(src/uros/micro-ROS-Agent/snap) by extension 'python'
[0.203s] Level 1:colcon.colcon_core.package_identification:_identify(src/uros/micro-ROS-Agent/snap) by extensions ['python_setup_py']
[0.203s] Level 1:colcon.colcon_core.package_identification:_identify(src/uros/micro-ROS-Agent/snap) by extension 'python_setup_py'
[0.203s] Level 1:colcon.colcon_core.package_identification:_identify(src/uros/micro-ROS-Agent/snap/hooks) by extensions ['ignore', 'ignore_ament_install']
[0.204s] Level 1:colcon.colcon_core.package_identification:_identify(src/uros/micro-ROS-Agent/snap/hooks) by extension 'ignore'
[0.204s] Level 1:colcon.colcon_core.package_identification:_identify(src/uros/micro-ROS-Agent/snap/hooks) by extension 'ignore_ament_install'
[0.204s] Level 1:colcon.colcon_core.package_identification:_identify(src/uros/micro-ROS-Agent/snap/hooks) by extensions ['colcon_pkg']
[0.204s] Level 1:colcon.colcon_core.package_identification:_identify(src/uros/micro-ROS-Agent/snap/hooks) by extension 'colcon_pkg'
[0.204s] Level 1:colcon.colcon_core.package_identification:_identify(src/uros/micro-ROS-Agent/snap/hooks) by extensions ['colcon_meta']
[0.204s] Level 1:colcon.colcon_core.package_identification:_identify(src/uros/micro-ROS-Agent/snap/hooks) by extension 'colcon_meta'
[0.204s] Level 1:colcon.colcon_core.package_identification:_identify(src/uros/micro-ROS-Agent/snap/hooks) by extensions ['ros']
[0.204s] Level 1:colcon.colcon_core.package_identification:_identify(src/uros/micro-ROS-Agent/snap/hooks) by extension 'ros'
[0.204s] Level 1:colcon.colcon_core.package_identification:_identify(src/uros/micro-ROS-Agent/snap/hooks) by extensions ['cmake', 'python']
[0.204s] Level 1:colcon.colcon_core.package_identification:_identify(src/uros/micro-ROS-Agent/snap/hooks) by extension 'cmake'
[0.204s] Level 1:colcon.colcon_core.package_identification:_identify(src/uros/micro-ROS-Agent/snap/hooks) by extension 'python'
[0.204s] Level 1:colcon.colcon_core.package_identification:_identify(src/uros/micro-ROS-Agent/snap/hooks) by extensions ['python_setup_py']
[0.204s] Level 1:colcon.colcon_core.package_identification:_identify(src/uros/micro-ROS-Agent/snap/hooks) by extension 'python_setup_py'
[0.204s] Level 1:colcon.colcon_core.package_identification:_identify(src/uros/micro-ROS-Agent/snap/local) by extensions ['ignore', 'ignore_ament_install']
[0.204s] Level 1:colcon.colcon_core.package_identification:_identify(src/uros/micro-ROS-Agent/snap/local) by extension 'ignore'
[0.204s] Level 1:colcon.colcon_core.package_identification:_identify(src/uros/micro-ROS-Agent/snap/local) by extension 'ignore_ament_install'
[0.204s] Level 1:colcon.colcon_core.package_identification:_identify(src/uros/micro-ROS-Agent/snap/local) by extensions ['colcon_pkg']
[0.204s] Level 1:colcon.colcon_core.package_identification:_identify(src/uros/micro-ROS-Agent/snap/local) by extension 'colcon_pkg'
[0.204s] Level 1:colcon.colcon_core.package_identification:_identify(src/uros/micro-ROS-Agent/snap/local) by extensions ['colcon_meta']
[0.204s] Level 1:colcon.colcon_core.package_identification:_identify(src/uros/micro-ROS-Agent/snap/local) by extension 'colcon_meta'
[0.204s] Level 1:colcon.colcon_core.package_identification:_identify(src/uros/micro-ROS-Agent/snap/local) by extensions ['ros']
[0.204s] Level 1:colcon.colcon_core.package_identification:_identify(src/uros/micro-ROS-Agent/snap/local) by extension 'ros'
[0.204s] Level 1:colcon.colcon_core.package_identification:_identify(src/uros/micro-ROS-Agent/snap/local) by extensions ['cmake', 'python']
[0.204s] Level 1:colcon.colcon_core.package_identification:_identify(src/uros/micro-ROS-Agent/snap/local) by extension 'cmake'
[0.204s] Level 1:colcon.colcon_core.package_identification:_identify(src/uros/micro-ROS-Agent/snap/local) by extension 'python'
[0.204s] Level 1:colcon.colcon_core.package_identification:_identify(src/uros/micro-ROS-Agent/snap/local) by extensions ['python_setup_py']
[0.204s] Level 1:colcon.colcon_core.package_identification:_identify(src/uros/micro-ROS-Agent/snap/local) by extension 'python_setup_py'
[0.205s] Level 1:colcon.colcon_core.package_identification:_identify(src/uros/micro_ros_msgs) by extensions ['ignore', 'ignore_ament_install']
[0.205s] Level 1:colcon.colcon_core.package_identification:_identify(src/uros/micro_ros_msgs) by extension 'ignore'
[0.205s] Level 1:colcon.colcon_core.package_identification:_identify(src/uros/micro_ros_msgs) by extension 'ignore_ament_install'
[0.205s] Level 1:colcon.colcon_core.package_identification:_identify(src/uros/micro_ros_msgs) by extensions ['colcon_pkg']
[0.205s] Level 1:colcon.colcon_core.package_identification:_identify(src/uros/micro_ros_msgs) by extension 'colcon_pkg'
[0.205s] Level 1:colcon.colcon_core.package_identification:_identify(src/uros/micro_ros_msgs) by extensions ['colcon_meta']
[0.205s] Level 1:colcon.colcon_core.package_identification:_identify(src/uros/micro_ros_msgs) by extension 'colcon_meta'
[0.205s] Level 1:colcon.colcon_core.package_identification:_identify(src/uros/micro_ros_msgs) by extensions ['ros']
[0.205s] Level 1:colcon.colcon_core.package_identification:_identify(src/uros/micro_ros_msgs) by extension 'ros'
[0.205s] DEBUG:colcon.colcon_core.package_identification:Package 'src/uros/micro_ros_msgs' with type 'ros.ament_cmake' and name 'micro_ros_msgs'
[0.205s] Level 1:colcon.colcon_core.package_discovery:discover_packages(recursive) using defaults
[0.205s] Level 1:colcon.colcon_core.package_discovery:discover_packages(ignore) discover
[0.205s] Level 1:colcon.colcon_core.package_discovery:discover_packages(ignore) using defaults
[0.205s] Level 1:colcon.colcon_core.package_discovery:discover_packages(path) discover
[0.205s] Level 1:colcon.colcon_core.package_discovery:discover_packages(path) using defaults
[0.219s] Level 1:colcon.colcon_core.package_discovery:discover_packages(prefix_path) check parameters
[0.220s] Level 1:colcon.colcon_core.package_discovery:discover_packages(prefix_path) discover
[0.221s] DEBUG:colcon.colcon_installed_package_information.package_discovery:Found 1 installed packages in /home/sitong/micro_ros_ws/install
[0.222s] DEBUG:colcon.colcon_installed_package_information.package_discovery:Found 270 installed packages in /opt/ros/humble
[0.223s] Level 1:colcon.colcon_core.package_discovery:discover_packages(prefix_path) using defaults
[0.257s] Level 5:colcon.colcon_core.verb:set package 'micro_ros_msgs' build argument 'cmake_args' from command line to 'None'
[0.257s] Level 5:colcon.colcon_core.verb:set package 'micro_ros_msgs' build argument 'cmake_target' from command line to 'None'
[0.257s] Level 5:colcon.colcon_core.verb:set package 'micro_ros_msgs' build argument 'cmake_target_skip_unavailable' from command line to 'False'
[0.257s] Level 5:colcon.colcon_core.verb:set package 'micro_ros_msgs' build argument 'cmake_clean_cache' from command line to 'False'
[0.257s] Level 5:colcon.colcon_core.verb:set package 'micro_ros_msgs' build argument 'cmake_clean_first' from command line to 'False'
[0.257s] Level 5:colcon.colcon_core.verb:set package 'micro_ros_msgs' build argument 'cmake_force_configure' from command line to 'False'
[0.257s] Level 5:colcon.colcon_core.verb:set package 'micro_ros_msgs' build argument 'ament_cmake_args' from command line to 'None'
[0.257s] Level 5:colcon.colcon_core.verb:set package 'micro_ros_msgs' build argument 'catkin_cmake_args' from command line to 'None'
[0.257s] Level 5:colcon.colcon_core.verb:set package 'micro_ros_msgs' build argument 'catkin_skip_building_tests' from command line to 'False'
[0.257s] DEBUG:colcon.colcon_core.verb:Building package 'micro_ros_msgs' with the following arguments: {'ament_cmake_args': None, 'build_base': '/home/sitong/micro_ros_ws/build/micro_ros_msgs', 'catkin_cmake_args': None, 'catkin_skip_building_tests': False, 'cmake_args': None, 'cmake_clean_cache': False, 'cmake_clean_first': False, 'cmake_force_configure': False, 'cmake_target': None, 'cmake_target_skip_unavailable': False, 'install_base': '/home/sitong/micro_ros_ws/install/micro_ros_msgs', 'merge_install': False, 'path': '/home/sitong/micro_ros_ws/src/uros/micro_ros_msgs', 'symlink_install': False, 'test_result_base': None}
[0.258s] Level 5:colcon.colcon_core.verb:set package 'micro_ros_setup' build argument 'cmake_args' from command line to 'None'
[0.258s] Level 5:colcon.colcon_core.verb:set package 'micro_ros_setup' build argument 'cmake_target' from command line to 'None'
[0.258s] Level 5:colcon.colcon_core.verb:set package 'micro_ros_setup' build argument 'cmake_target_skip_unavailable' from command line to 'False'
[0.258s] Level 5:colcon.colcon_core.verb:set package 'micro_ros_setup' build argument 'cmake_clean_cache' from command line to 'False'
[0.258s] Level 5:colcon.colcon_core.verb:set package 'micro_ros_setup' build argument 'cmake_clean_first' from command line to 'False'
[0.258s] Level 5:colcon.colcon_core.verb:set package 'micro_ros_setup' build argument 'cmake_force_configure' from command line to 'False'
[0.258s] Level 5:colcon.colcon_core.verb:set package 'micro_ros_setup' build argument 'ament_cmake_args' from command line to 'None'
[0.258s] Level 5:colcon.colcon_core.verb:set package 'micro_ros_setup' build argument 'catkin_cmake_args' from command line to 'None'
[0.258s] Level 5:colcon.colcon_core.verb:set package 'micro_ros_setup' build argument 'catkin_skip_building_tests' from command line to 'False'
[0.258s] DEBUG:colcon.colcon_core.verb:Building package 'micro_ros_setup' with the following arguments: {'ament_cmake_args': None, 'build_base': '/home/sitong/micro_ros_ws/build/micro_ros_setup', 'catkin_cmake_args': None, 'catkin_skip_building_tests': False, 'cmake_args': None, 'cmake_clean_cache': False, 'cmake_clean_first': False, 'cmake_force_configure': False, 'cmake_target': None, 'cmake_target_skip_unavailable': False, 'install_base': '/home/sitong/micro_ros_ws/install/micro_ros_setup', 'merge_install': False, 'path': '/home/sitong/micro_ros_ws/src/micro_ros_setup', 'symlink_install': False, 'test_result_base': None}
[0.258s] Level 5:colcon.colcon_core.verb:set package 'micro_ros_agent' build argument 'cmake_args' from command line to 'None'
[0.258s] Level 5:colcon.colcon_core.verb:set package 'micro_ros_agent' build argument 'cmake_target' from command line to 'None'
[0.258s] Level 5:colcon.colcon_core.verb:set package 'micro_ros_agent' build argument 'cmake_target_skip_unavailable' from command line to 'False'
[0.258s] Level 5:colcon.colcon_core.verb:set package 'micro_ros_agent' build argument 'cmake_clean_cache' from command line to 'False'
[0.258s] Level 5:colcon.colcon_core.verb:set package 'micro_ros_agent' build argument 'cmake_clean_first' from command line to 'False'
[0.258s] Level 5:colcon.colcon_core.verb:set package 'micro_ros_agent' build argument 'cmake_force_configure' from command line to 'False'
[0.258s] Level 5:colcon.colcon_core.verb:set package 'micro_ros_agent' build argument 'ament_cmake_args' from command line to 'None'
[0.258s] Level 5:colcon.colcon_core.verb:set package 'micro_ros_agent' build argument 'catkin_cmake_args' from command line to 'None'
[0.258s] Level 5:colcon.colcon_core.verb:set package 'micro_ros_agent' build argument 'catkin_skip_building_tests' from command line to 'False'
[0.258s] DEBUG:colcon.colcon_core.verb:Building package 'micro_ros_agent' with the following arguments: {'ament_cmake_args': None, 'build_base': '/home/sitong/micro_ros_ws/build/micro_ros_agent', 'catkin_cmake_args': None, 'catkin_skip_building_tests': False, 'cmake_args': None, 'cmake_clean_cache': False, 'cmake_clean_first': False, 'cmake_force_configure': False, 'cmake_target': None, 'cmake_target_skip_unavailable': False, 'install_base': '/home/sitong/micro_ros_ws/install/micro_ros_agent', 'merge_install': False, 'path': '/home/sitong/micro_ros_ws/src/uros/micro-ROS-Agent/micro_ros_agent', 'symlink_install': False, 'test_result_base': None}
[0.258s] INFO:colcon.colcon_core.executor:Executing jobs using 'parallel' executor
[0.259s] DEBUG:colcon.colcon_parallel_executor.executor.parallel:run_until_complete
[0.259s] INFO:colcon.colcon_ros.task.ament_cmake.build:Building ROS package in '/home/sitong/micro_ros_ws/src/uros/micro_ros_msgs' with build type 'ament_cmake'
[0.259s] INFO:colcon.colcon_cmake.task.cmake.build:Building CMake package in '/home/sitong/micro_ros_ws/src/uros/micro_ros_msgs'
[0.261s] INFO:colcon.colcon_core.plugin_system:Skipping extension 'colcon_core.shell.bat': Not used on non-Windows systems
[0.261s] INFO:colcon.colcon_core.shell:Skip shell extension 'powershell' for command environment: Not usable outside of PowerShell
[0.261s] DEBUG:colcon.colcon_core.shell:Skip shell extension 'dsv' for command environment
[0.264s] INFO:colcon.colcon_ros.task.ament_cmake.build:Building ROS package in '/home/sitong/micro_ros_ws/src/micro_ros_setup' with build type 'ament_cmake'
[0.264s] INFO:colcon.colcon_cmake.task.cmake.build:Building CMake package in '/home/sitong/micro_ros_ws/src/micro_ros_setup'
[0.264s] INFO:colcon.colcon_core.shell:Skip shell extension 'powershell' for command environment: Not usable outside of PowerShell
[0.264s] DEBUG:colcon.colcon_core.shell:Skip shell extension 'dsv' for command environment
[0.269s] DEBUG:colcon.colcon_core.event_handler.log_command:Invoking command in '/home/sitong/micro_ros_ws/build/micro_ros_msgs': CMAKE_PREFIX_PATH=${CMAKE_PREFIX_PATH}:/opt/ros/humble /usr/bin/cmake /home/sitong/micro_ros_ws/src/uros/micro_ros_msgs -DCMAKE_INSTALL_PREFIX=/home/sitong/micro_ros_ws/install/micro_ros_msgs
[0.272s] DEBUG:colcon.colcon_core.event_handler.log_command:Invoking command in '/home/sitong/micro_ros_ws/build/micro_ros_setup': CMAKE_PREFIX_PATH=${CMAKE_PREFIX_PATH}:/opt/ros/humble /usr/bin/cmake --build /home/sitong/micro_ros_ws/build/micro_ros_setup -- -j16 -l16
[0.306s] DEBUG:colcon.colcon_core.event_handler.log_command:Invoked command in '/home/sitong/micro_ros_ws/build/micro_ros_setup' returned '0': CMAKE_PREFIX_PATH=${CMAKE_PREFIX_PATH}:/opt/ros/humble /usr/bin/cmake --build /home/sitong/micro_ros_ws/build/micro_ros_setup -- -j16 -l16
[0.334s] DEBUG:colcon.colcon_core.event_handler.log_command:Invoking command in '/home/sitong/micro_ros_ws/build/micro_ros_setup': CMAKE_PREFIX_PATH=${CMAKE_PREFIX_PATH}:/opt/ros/humble /usr/bin/cmake --install /home/sitong/micro_ros_ws/build/micro_ros_setup
[0.349s] Level 1:colcon.colcon_core.environment:create_environment_scripts_only(micro_ros_setup)
[0.350s] DEBUG:colcon.colcon_core.event_handler.log_command:Invoked command in '/home/sitong/micro_ros_ws/build/micro_ros_setup' returned '0': CMAKE_PREFIX_PATH=${CMAKE_PREFIX_PATH}:/opt/ros/humble /usr/bin/cmake --install /home/sitong/micro_ros_ws/build/micro_ros_setup
[0.351s] Level 1:colcon.colcon_core.environment:checking '/home/sitong/micro_ros_ws/install/micro_ros_setup' for CMake module files
[0.352s] Level 1:colcon.colcon_core.environment:checking '/home/sitong/micro_ros_ws/install/micro_ros_setup' for CMake config files
[0.352s] Level 1:colcon.colcon_core.shell:create_environment_hook('micro_ros_setup', 'cmake_prefix_path')
[0.352s] INFO:colcon.colcon_core.shell:Creating environment hook '/home/sitong/micro_ros_ws/install/micro_ros_setup/share/micro_ros_setup/hook/cmake_prefix_path.ps1'
[0.353s] INFO:colcon.colcon_core.shell:Creating environment descriptor '/home/sitong/micro_ros_ws/install/micro_ros_setup/share/micro_ros_setup/hook/cmake_prefix_path.dsv'
[0.353s] INFO:colcon.colcon_core.shell:Creating environment hook '/home/sitong/micro_ros_ws/install/micro_ros_setup/share/micro_ros_setup/hook/cmake_prefix_path.sh'
[0.354s] Level 1:colcon.colcon_core.environment:checking '/home/sitong/micro_ros_ws/install/micro_ros_setup/lib'
[0.354s] Level 1:colcon.colcon_core.environment:checking '/home/sitong/micro_ros_ws/install/micro_ros_setup/bin'
[0.354s] Level 1:colcon.colcon_core.environment:checking '/home/sitong/micro_ros_ws/install/micro_ros_setup/lib/pkgconfig/micro_ros_setup.pc'
[0.354s] Level 1:colcon.colcon_core.environment:checking '/home/sitong/micro_ros_ws/install/micro_ros_setup/lib/python3.10/site-packages'
[0.354s] Level 1:colcon.colcon_core.environment:checking '/home/sitong/micro_ros_ws/install/micro_ros_setup/bin'
[0.354s] INFO:colcon.colcon_core.shell:Creating package script '/home/sitong/micro_ros_ws/install/micro_ros_setup/share/micro_ros_setup/package.ps1'
[0.355s] INFO:colcon.colcon_core.shell:Creating package descriptor '/home/sitong/micro_ros_ws/install/micro_ros_setup/share/micro_ros_setup/package.dsv'
[0.355s] INFO:colcon.colcon_core.shell:Creating package script '/home/sitong/micro_ros_ws/install/micro_ros_setup/share/micro_ros_setup/package.sh'
[0.356s] INFO:colcon.colcon_core.shell:Creating package script '/home/sitong/micro_ros_ws/install/micro_ros_setup/share/micro_ros_setup/package.bash'
[0.356s] INFO:colcon.colcon_core.shell:Creating package script '/home/sitong/micro_ros_ws/install/micro_ros_setup/share/micro_ros_setup/package.zsh'
[0.357s] Level 1:colcon.colcon_core.environment:create_file_with_runtime_dependencies(/home/sitong/micro_ros_ws/install/micro_ros_setup/share/colcon-core/packages/micro_ros_setup)
[0.377s] Level 1:colcon.colcon_core.environment:create_environment_scripts_only(micro_ros_setup)
[0.377s] Level 1:colcon.colcon_core.environment:checking '/home/sitong/micro_ros_ws/install/micro_ros_setup' for CMake module files
[0.378s] Level 1:colcon.colcon_core.environment:checking '/home/sitong/micro_ros_ws/install/micro_ros_setup' for CMake config files
[0.378s] Level 1:colcon.colcon_core.shell:create_environment_hook('micro_ros_setup', 'cmake_prefix_path')
[0.378s] INFO:colcon.colcon_core.shell:Creating environment hook '/home/sitong/micro_ros_ws/install/micro_ros_setup/share/micro_ros_setup/hook/cmake_prefix_path.ps1'
[0.379s] INFO:colcon.colcon_core.shell:Creating environment descriptor '/home/sitong/micro_ros_ws/install/micro_ros_setup/share/micro_ros_setup/hook/cmake_prefix_path.dsv'
[0.379s] INFO:colcon.colcon_core.shell:Creating environment hook '/home/sitong/micro_ros_ws/install/micro_ros_setup/share/micro_ros_setup/hook/cmake_prefix_path.sh'
[0.380s] Level 1:colcon.colcon_core.environment:checking '/home/sitong/micro_ros_ws/install/micro_ros_setup/lib'
[0.380s] Level 1:colcon.colcon_core.environment:checking '/home/sitong/micro_ros_ws/install/micro_ros_setup/bin'
[0.380s] Level 1:colcon.colcon_core.environment:checking '/home/sitong/micro_ros_ws/install/micro_ros_setup/lib/pkgconfig/micro_ros_setup.pc'
[0.380s] Level 1:colcon.colcon_core.environment:checking '/home/sitong/micro_ros_ws/install/micro_ros_setup/lib/python3.10/site-packages'
[0.380s] Level 1:colcon.colcon_core.environment:checking '/home/sitong/micro_ros_ws/install/micro_ros_setup/bin'
[0.380s] INFO:colcon.colcon_core.shell:Creating package script '/home/sitong/micro_ros_ws/install/micro_ros_setup/share/micro_ros_setup/package.ps1'
[0.380s] INFO:colcon.colcon_core.shell:Creating package descriptor '/home/sitong/micro_ros_ws/install/micro_ros_setup/share/micro_ros_setup/package.dsv'
[0.381s] INFO:colcon.colcon_core.shell:Creating package script '/home/sitong/micro_ros_ws/install/micro_ros_setup/share/micro_ros_setup/package.sh'
[0.381s] INFO:colcon.colcon_core.shell:Creating package script '/home/sitong/micro_ros_ws/install/micro_ros_setup/share/micro_ros_setup/package.bash'
[0.381s] INFO:colcon.colcon_core.shell:Creating package script '/home/sitong/micro_ros_ws/install/micro_ros_setup/share/micro_ros_setup/package.zsh'
[0.382s] Level 1:colcon.colcon_core.environment:create_file_with_runtime_dependencies(/home/sitong/micro_ros_ws/install/micro_ros_setup/share/colcon-core/packages/micro_ros_setup)
[1.440s] DEBUG:colcon.colcon_core.event_handler.log_command:Invoked command in '/home/sitong/micro_ros_ws/build/micro_ros_msgs' returned '0': CMAKE_PREFIX_PATH=${CMAKE_PREFIX_PATH}:/opt/ros/humble /usr/bin/cmake /home/sitong/micro_ros_ws/src/uros/micro_ros_msgs -DCMAKE_INSTALL_PREFIX=/home/sitong/micro_ros_ws/install/micro_ros_msgs
[1.441s] DEBUG:colcon.colcon_core.event_handler.log_command:Invoking command in '/home/sitong/micro_ros_ws/build/micro_ros_msgs': CMAKE_PREFIX_PATH=${CMAKE_PREFIX_PATH}:/opt/ros/humble /usr/bin/cmake --build /home/sitong/micro_ros_ws/build/micro_ros_msgs -- -j16 -l16
[3.493s] DEBUG:colcon.colcon_core.event_handler.log_command:Invoked command in '/home/sitong/micro_ros_ws/build/micro_ros_msgs' returned '0': CMAKE_PREFIX_PATH=${CMAKE_PREFIX_PATH}:/opt/ros/humble /usr/bin/cmake --build /home/sitong/micro_ros_ws/build/micro_ros_msgs -- -j16 -l16
[3.583s] DEBUG:colcon.colcon_core.event_handler.log_command:Invoking command in '/home/sitong/micro_ros_ws/build/micro_ros_msgs': CMAKE_PREFIX_PATH=${CMAKE_PREFIX_PATH}:/opt/ros/humble /usr/bin/cmake --install /home/sitong/micro_ros_ws/build/micro_ros_msgs
[3.653s] Level 1:colcon.colcon_core.environment:create_environment_scripts_only(micro_ros_msgs)
[3.653s] Level 1:colcon.colcon_core.environment:checking '/home/sitong/micro_ros_ws/install/micro_ros_msgs' for CMake module files
[3.653s] DEBUG:colcon.colcon_core.event_handler.log_command:Invoked command in '/home/sitong/micro_ros_ws/build/micro_ros_msgs' returned '0': CMAKE_PREFIX_PATH=${CMAKE_PREFIX_PATH}:/opt/ros/humble /usr/bin/cmake --install /home/sitong/micro_ros_ws/build/micro_ros_msgs
[3.654s] Level 1:colcon.colcon_core.environment:checking '/home/sitong/micro_ros_ws/install/micro_ros_msgs' for CMake config files
[3.654s] Level 1:colcon.colcon_core.shell:create_environment_hook('micro_ros_msgs', 'cmake_prefix_path')
[3.654s] INFO:colcon.colcon_core.shell:Creating environment hook '/home/sitong/micro_ros_ws/install/micro_ros_msgs/share/micro_ros_msgs/hook/cmake_prefix_path.ps1'
[3.655s] INFO:colcon.colcon_core.shell:Creating environment descriptor '/home/sitong/micro_ros_ws/install/micro_ros_msgs/share/micro_ros_msgs/hook/cmake_prefix_path.dsv'
[3.655s] INFO:colcon.colcon_core.shell:Creating environment hook '/home/sitong/micro_ros_ws/install/micro_ros_msgs/share/micro_ros_msgs/hook/cmake_prefix_path.sh'
[3.655s] Level 1:colcon.colcon_core.environment:checking '/home/sitong/micro_ros_ws/install/micro_ros_msgs/lib'
[3.655s] Level 1:colcon.colcon_core.shell:create_environment_hook('micro_ros_msgs', 'ld_library_path_lib')
[3.656s] INFO:colcon.colcon_core.shell:Creating environment hook '/home/sitong/micro_ros_ws/install/micro_ros_msgs/share/micro_ros_msgs/hook/ld_library_path_lib.ps1'
[3.656s] INFO:colcon.colcon_core.shell:Creating environment descriptor '/home/sitong/micro_ros_ws/install/micro_ros_msgs/share/micro_ros_msgs/hook/ld_library_path_lib.dsv'
[3.656s] INFO:colcon.colcon_core.shell:Creating environment hook '/home/sitong/micro_ros_ws/install/micro_ros_msgs/share/micro_ros_msgs/hook/ld_library_path_lib.sh'
[3.656s] Level 1:colcon.colcon_core.environment:checking '/home/sitong/micro_ros_ws/install/micro_ros_msgs/bin'
[3.656s] Level 1:colcon.colcon_core.environment:checking '/home/sitong/micro_ros_ws/install/micro_ros_msgs/lib/pkgconfig/micro_ros_msgs.pc'
[3.657s] Level 1:colcon.colcon_core.environment:checking '/home/sitong/micro_ros_ws/install/micro_ros_msgs/lib/python3.10/site-packages'
[3.657s] Level 1:colcon.colcon_core.environment:checking '/home/sitong/micro_ros_ws/install/micro_ros_msgs/bin'
[3.657s] INFO:colcon.colcon_core.shell:Creating package script '/home/sitong/micro_ros_ws/install/micro_ros_msgs/share/micro_ros_msgs/package.ps1'
[3.657s] INFO:colcon.colcon_core.shell:Creating package descriptor '/home/sitong/micro_ros_ws/install/micro_ros_msgs/share/micro_ros_msgs/package.dsv'
[3.658s] INFO:colcon.colcon_core.shell:Creating package script '/home/sitong/micro_ros_ws/install/micro_ros_msgs/share/micro_ros_msgs/package.sh'
[3.658s] INFO:colcon.colcon_core.shell:Creating package script '/home/sitong/micro_ros_ws/install/micro_ros_msgs/share/micro_ros_msgs/package.bash'
[3.658s] INFO:colcon.colcon_core.shell:Creating package script '/home/sitong/micro_ros_ws/install/micro_ros_msgs/share/micro_ros_msgs/package.zsh'
[3.658s] Level 1:colcon.colcon_core.environment:create_file_with_runtime_dependencies(/home/sitong/micro_ros_ws/install/micro_ros_msgs/share/colcon-core/packages/micro_ros_msgs)
[3.746s] Level 1:colcon.colcon_core.environment:create_environment_scripts_only(micro_ros_msgs)
[3.746s] Level 1:colcon.colcon_core.environment:checking '/home/sitong/micro_ros_ws/install/micro_ros_msgs' for CMake module files
[3.747s] Level 1:colcon.colcon_core.environment:checking '/home/sitong/micro_ros_ws/install/micro_ros_msgs' for CMake config files
[3.747s] Level 1:colcon.colcon_core.shell:create_environment_hook('micro_ros_msgs', 'cmake_prefix_path')
[3.747s] INFO:colcon.colcon_core.shell:Creating environment hook '/home/sitong/micro_ros_ws/install/micro_ros_msgs/share/micro_ros_msgs/hook/cmake_prefix_path.ps1'
[3.748s] INFO:colcon.colcon_core.shell:Creating environment descriptor '/home/sitong/micro_ros_ws/install/micro_ros_msgs/share/micro_ros_msgs/hook/cmake_prefix_path.dsv'
[3.748s] INFO:colcon.colcon_core.shell:Creating environment hook '/home/sitong/micro_ros_ws/install/micro_ros_msgs/share/micro_ros_msgs/hook/cmake_prefix_path.sh'
[3.748s] Level 1:colcon.colcon_core.environment:checking '/home/sitong/micro_ros_ws/install/micro_ros_msgs/lib'
[3.748s] Level 1:colcon.colcon_core.shell:create_environment_hook('micro_ros_msgs', 'ld_library_path_lib')
[3.748s] INFO:colcon.colcon_core.shell:Creating environment hook '/home/sitong/micro_ros_ws/install/micro_ros_msgs/share/micro_ros_msgs/hook/ld_library_path_lib.ps1'
[3.749s] INFO:colcon.colcon_core.shell:Creating environment descriptor '/home/sitong/micro_ros_ws/install/micro_ros_msgs/share/micro_ros_msgs/hook/ld_library_path_lib.dsv'
[3.749s] INFO:colcon.colcon_core.shell:Creating environment hook '/home/sitong/micro_ros_ws/install/micro_ros_msgs/share/micro_ros_msgs/hook/ld_library_path_lib.sh'
[3.749s] Level 1:colcon.colcon_core.environment:checking '/home/sitong/micro_ros_ws/install/micro_ros_msgs/bin'
[3.749s] Level 1:colcon.colcon_core.environment:checking '/home/sitong/micro_ros_ws/install/micro_ros_msgs/lib/pkgconfig/micro_ros_msgs.pc'
[3.750s] Level 1:colcon.colcon_core.environment:checking '/home/sitong/micro_ros_ws/install/micro_ros_msgs/lib/python3.10/site-packages'
[3.750s] Level 1:colcon.colcon_core.environment:checking '/home/sitong/micro_ros_ws/install/micro_ros_msgs/bin'
[3.750s] INFO:colcon.colcon_core.shell:Creating package script '/home/sitong/micro_ros_ws/install/micro_ros_msgs/share/micro_ros_msgs/package.ps1'
[3.750s] INFO:colcon.colcon_core.shell:Creating package descriptor '/home/sitong/micro_ros_ws/install/micro_ros_msgs/share/micro_ros_msgs/package.dsv'
[3.751s] INFO:colcon.colcon_core.shell:Creating package script '/home/sitong/micro_ros_ws/install/micro_ros_msgs/share/micro_ros_msgs/package.sh'
[3.751s] INFO:colcon.colcon_core.shell:Creating package script '/home/sitong/micro_ros_ws/install/micro_ros_msgs/share/micro_ros_msgs/package.bash'
[3.751s] INFO:colcon.colcon_core.shell:Creating package script '/home/sitong/micro_ros_ws/install/micro_ros_msgs/share/micro_ros_msgs/package.zsh'
[3.752s] Level 1:colcon.colcon_core.environment:create_file_with_runtime_dependencies(/home/sitong/micro_ros_ws/install/micro_ros_msgs/share/colcon-core/packages/micro_ros_msgs)
[3.752s] INFO:colcon.colcon_ros.task.ament_cmake.build:Building ROS package in '/home/sitong/micro_ros_ws/src/uros/micro-ROS-Agent/micro_ros_agent' with build type 'ament_cmake'
[3.752s] INFO:colcon.colcon_cmake.task.cmake.build:Building CMake package in '/home/sitong/micro_ros_ws/src/uros/micro-ROS-Agent/micro_ros_agent'
[3.752s] INFO:colcon.colcon_core.shell:Skip shell extension 'powershell' for command environment: Not usable outside of PowerShell
[3.752s] DEBUG:colcon.colcon_core.shell:Skip shell extension 'dsv' for command environment
[3.760s] DEBUG:colcon.colcon_core.event_handler.log_command:Invoking command in '/home/sitong/micro_ros_ws/build/micro_ros_agent': AMENT_PREFIX_PATH=/home/sitong/micro_ros_ws/install/micro_ros_msgs:${AMENT_PREFIX_PATH} CMAKE_PREFIX_PATH=/home/sitong/micro_ros_ws/install/micro_ros_msgs:/home/sitong/micro_ros_ws/install/micro_ros_setup:/opt/ros/humble LD_LIBRARY_PATH=/home/sitong/micro_ros_ws/install/micro_ros_msgs/lib:/opt/ros/humble/opt/rviz_ogre_vendor/lib:/opt/ros/humble/lib/x86_64-linux-gnu:/opt/ros/humble/lib:/home/sitong/.mujoco/mujoco-3.2.5/bin PYTHONPATH=/home/sitong/micro_ros_ws/install/micro_ros_msgs/local/lib/python3.10/dist-packages:${PYTHONPATH} /usr/bin/cmake /home/sitong/micro_ros_ws/src/uros/micro-ROS-Agent/micro_ros_agent -DCMAKE_INSTALL_PREFIX=/home/sitong/micro_ros_ws/install/micro_ros_agent
[4.030s] DEBUG:colcon.colcon_core.event_handler.log_command:Invoked command in '/home/sitong/micro_ros_ws/build/micro_ros_agent' returned '0': AMENT_PREFIX_PATH=/home/sitong/micro_ros_ws/install/micro_ros_msgs:${AMENT_PREFIX_PATH} CMAKE_PREFIX_PATH=/home/sitong/micro_ros_ws/install/micro_ros_msgs:/home/sitong/micro_ros_ws/install/micro_ros_setup:/opt/ros/humble LD_LIBRARY_PATH=/home/sitong/micro_ros_ws/install/micro_ros_msgs/lib:/opt/ros/humble/opt/rviz_ogre_vendor/lib:/opt/ros/humble/lib/x86_64-linux-gnu:/opt/ros/humble/lib:/home/sitong/.mujoco/mujoco-3.2.5/bin PYTHONPATH=/home/sitong/micro_ros_ws/install/micro_ros_msgs/local/lib/python3.10/dist-packages:${PYTHONPATH} /usr/bin/cmake /home/sitong/micro_ros_ws/src/uros/micro-ROS-Agent/micro_ros_agent -DCMAKE_INSTALL_PREFIX=/home/sitong/micro_ros_ws/install/micro_ros_agent
[4.031s] DEBUG:colcon.colcon_core.event_handler.log_command:Invoking command in '/home/sitong/micro_ros_ws/build/micro_ros_agent': AMENT_PREFIX_PATH=/home/sitong/micro_ros_ws/install/micro_ros_msgs:${AMENT_PREFIX_PATH} CMAKE_PREFIX_PATH=/home/sitong/micro_ros_ws/install/micro_ros_msgs:/home/sitong/micro_ros_ws/install/micro_ros_setup:/opt/ros/humble LD_LIBRARY_PATH=/home/sitong/micro_ros_ws/install/micro_ros_msgs/lib:/opt/ros/humble/opt/rviz_ogre_vendor/lib:/opt/ros/humble/lib/x86_64-linux-gnu:/opt/ros/humble/lib:/home/sitong/.mujoco/mujoco-3.2.5/bin PYTHONPATH=/home/sitong/micro_ros_ws/install/micro_ros_msgs/local/lib/python3.10/dist-packages:${PYTHONPATH} /usr/bin/cmake --build /home/sitong/micro_ros_ws/build/micro_ros_agent -- -j16 -l16
[27.432s] DEBUG:colcon.colcon_core.event_handler.log_command:Invoked command in '/home/sitong/micro_ros_ws/build/micro_ros_agent' returned '0': AMENT_PREFIX_PATH=/home/sitong/micro_ros_ws/install/micro_ros_msgs:${AMENT_PREFIX_PATH} CMAKE_PREFIX_PATH=/home/sitong/micro_ros_ws/install/micro_ros_msgs:/home/sitong/micro_ros_ws/install/micro_ros_setup:/opt/ros/humble LD_LIBRARY_PATH=/home/sitong/micro_ros_ws/install/micro_ros_msgs/lib:/opt/ros/humble/opt/rviz_ogre_vendor/lib:/opt/ros/humble/lib/x86_64-linux-gnu:/opt/ros/humble/lib:/home/sitong/.mujoco/mujoco-3.2.5/bin PYTHONPATH=/home/sitong/micro_ros_ws/install/micro_ros_msgs/local/lib/python3.10/dist-packages:${PYTHONPATH} /usr/bin/cmake --build /home/sitong/micro_ros_ws/build/micro_ros_agent -- -j16 -l16
[27.465s] DEBUG:colcon.colcon_core.event_handler.log_command:Invoking command in '/home/sitong/micro_ros_ws/build/micro_ros_agent': AMENT_PREFIX_PATH=/home/sitong/micro_ros_ws/install/micro_ros_msgs:${AMENT_PREFIX_PATH} CMAKE_PREFIX_PATH=/home/sitong/micro_ros_ws/install/micro_ros_msgs:/home/sitong/micro_ros_ws/install/micro_ros_setup:/opt/ros/humble LD_LIBRARY_PATH=/home/sitong/micro_ros_ws/install/micro_ros_msgs/lib:/opt/ros/humble/opt/rviz_ogre_vendor/lib:/opt/ros/humble/lib/x86_64-linux-gnu:/opt/ros/humble/lib:/home/sitong/.mujoco/mujoco-3.2.5/bin PYTHONPATH=/home/sitong/micro_ros_ws/install/micro_ros_msgs/local/lib/python3.10/dist-packages:${PYTHONPATH} /usr/bin/cmake --install /home/sitong/micro_ros_ws/build/micro_ros_agent
[27.476s] Level 1:colcon.colcon_core.environment:create_environment_scripts_only(micro_ros_agent)
[27.476s] Level 1:colcon.colcon_core.environment:checking '/home/sitong/micro_ros_ws/install/micro_ros_agent' for CMake module files
[27.476s] DEBUG:colcon.colcon_core.event_handler.log_command:Invoked command in '/home/sitong/micro_ros_ws/build/micro_ros_agent' returned '0': AMENT_PREFIX_PATH=/home/sitong/micro_ros_ws/install/micro_ros_msgs:${AMENT_PREFIX_PATH} CMAKE_PREFIX_PATH=/home/sitong/micro_ros_ws/install/micro_ros_msgs:/home/sitong/micro_ros_ws/install/micro_ros_setup:/opt/ros/humble LD_LIBRARY_PATH=/home/sitong/micro_ros_ws/install/micro_ros_msgs/lib:/opt/ros/humble/opt/rviz_ogre_vendor/lib:/opt/ros/humble/lib/x86_64-linux-gnu:/opt/ros/humble/lib:/home/sitong/.mujoco/mujoco-3.2.5/bin PYTHONPATH=/home/sitong/micro_ros_ws/install/micro_ros_msgs/local/lib/python3.10/dist-packages:${PYTHONPATH} /usr/bin/cmake --install /home/sitong/micro_ros_ws/build/micro_ros_agent
[27.477s] Level 1:colcon.colcon_core.environment:checking '/home/sitong/micro_ros_ws/install/micro_ros_agent' for CMake config files
[27.477s] Level 1:colcon.colcon_core.shell:create_environment_hook('micro_ros_agent', 'cmake_prefix_path')
[27.478s] INFO:colcon.colcon_core.shell:Creating environment hook '/home/sitong/micro_ros_ws/install/micro_ros_agent/share/micro_ros_agent/hook/cmake_prefix_path.ps1'
[27.478s] INFO:colcon.colcon_core.shell:Creating environment descriptor '/home/sitong/micro_ros_ws/install/micro_ros_agent/share/micro_ros_agent/hook/cmake_prefix_path.dsv'
[27.478s] INFO:colcon.colcon_core.shell:Creating environment hook '/home/sitong/micro_ros_ws/install/micro_ros_agent/share/micro_ros_agent/hook/cmake_prefix_path.sh'
[27.479s] Level 1:colcon.colcon_core.environment:checking '/home/sitong/micro_ros_ws/install/micro_ros_agent/lib'
[27.479s] Level 1:colcon.colcon_core.shell:create_environment_hook('micro_ros_agent', 'ld_library_path_lib')
[27.479s] INFO:colcon.colcon_core.shell:Creating environment hook '/home/sitong/micro_ros_ws/install/micro_ros_agent/share/micro_ros_agent/hook/ld_library_path_lib.ps1'
[27.479s] INFO:colcon.colcon_core.shell:Creating environment descriptor '/home/sitong/micro_ros_ws/install/micro_ros_agent/share/micro_ros_agent/hook/ld_library_path_lib.dsv'
[27.479s] INFO:colcon.colcon_core.shell:Creating environment hook '/home/sitong/micro_ros_ws/install/micro_ros_agent/share/micro_ros_agent/hook/ld_library_path_lib.sh'
[27.479s] Level 1:colcon.colcon_core.environment:checking '/home/sitong/micro_ros_ws/install/micro_ros_agent/bin'
[27.480s] Level 1:colcon.colcon_core.environment:checking '/home/sitong/micro_ros_ws/install/micro_ros_agent/lib/pkgconfig/micro_ros_agent.pc'
[27.480s] Level 1:colcon.colcon_core.environment:checking '/home/sitong/micro_ros_ws/install/micro_ros_agent/lib/python3.10/site-packages'
[27.480s] Level 1:colcon.colcon_core.environment:checking '/home/sitong/micro_ros_ws/install/micro_ros_agent/bin'
[27.480s] INFO:colcon.colcon_core.shell:Creating package script '/home/sitong/micro_ros_ws/install/micro_ros_agent/share/micro_ros_agent/package.ps1'
[27.480s] INFO:colcon.colcon_core.shell:Creating package descriptor '/home/sitong/micro_ros_ws/install/micro_ros_agent/share/micro_ros_agent/package.dsv'
[27.481s] INFO:colcon.colcon_core.shell:Creating package script '/home/sitong/micro_ros_ws/install/micro_ros_agent/share/micro_ros_agent/package.sh'
[27.481s] INFO:colcon.colcon_core.shell:Creating package script '/home/sitong/micro_ros_ws/install/micro_ros_agent/share/micro_ros_agent/package.bash'
[27.481s] INFO:colcon.colcon_core.shell:Creating package script '/home/sitong/micro_ros_ws/install/micro_ros_agent/share/micro_ros_agent/package.zsh'
[27.481s] Level 1:colcon.colcon_core.environment:create_file_with_runtime_dependencies(/home/sitong/micro_ros_ws/install/micro_ros_agent/share/colcon-core/packages/micro_ros_agent)
[27.514s] Level 1:colcon.colcon_core.environment:create_environment_scripts_only(micro_ros_agent)
[27.514s] Level 1:colcon.colcon_core.environment:checking '/home/sitong/micro_ros_ws/install/micro_ros_agent' for CMake module files
[27.514s] Level 1:colcon.colcon_core.environment:checking '/home/sitong/micro_ros_ws/install/micro_ros_agent' for CMake config files
[27.515s] Level 1:colcon.colcon_core.shell:create_environment_hook('micro_ros_agent', 'cmake_prefix_path')
[27.515s] INFO:colcon.colcon_core.shell:Creating environment hook '/home/sitong/micro_ros_ws/install/micro_ros_agent/share/micro_ros_agent/hook/cmake_prefix_path.ps1'
[27.516s] INFO:colcon.colcon_core.shell:Creating environment descriptor '/home/sitong/micro_ros_ws/install/micro_ros_agent/share/micro_ros_agent/hook/cmake_prefix_path.dsv'
[27.516s] INFO:colcon.colcon_core.shell:Creating environment hook '/home/sitong/micro_ros_ws/install/micro_ros_agent/share/micro_ros_agent/hook/cmake_prefix_path.sh'
[27.516s] Level 1:colcon.colcon_core.environment:checking '/home/sitong/micro_ros_ws/install/micro_ros_agent/lib'
[27.516s] Level 1:colcon.colcon_core.shell:create_environment_hook('micro_ros_agent', 'ld_library_path_lib')
[27.517s] INFO:colcon.colcon_core.shell:Creating environment hook '/home/sitong/micro_ros_ws/install/micro_ros_agent/share/micro_ros_agent/hook/ld_library_path_lib.ps1'
[27.517s] INFO:colcon.colcon_core.shell:Creating environment descriptor '/home/sitong/micro_ros_ws/install/micro_ros_agent/share/micro_ros_agent/hook/ld_library_path_lib.dsv'
[27.517s] INFO:colcon.colcon_core.shell:Creating environment hook '/home/sitong/micro_ros_ws/install/micro_ros_agent/share/micro_ros_agent/hook/ld_library_path_lib.sh'
[27.517s] Level 1:colcon.colcon_core.environment:checking '/home/sitong/micro_ros_ws/install/micro_ros_agent/bin'
[27.517s] Level 1:colcon.colcon_core.environment:checking '/home/sitong/micro_ros_ws/install/micro_ros_agent/lib/pkgconfig/micro_ros_agent.pc'
[27.518s] Level 1:colcon.colcon_core.environment:checking '/home/sitong/micro_ros_ws/install/micro_ros_agent/lib/python3.10/site-packages'
[27.518s] Level 1:colcon.colcon_core.environment:checking '/home/sitong/micro_ros_ws/install/micro_ros_agent/bin'
[27.518s] INFO:colcon.colcon_core.shell:Creating package script '/home/sitong/micro_ros_ws/install/micro_ros_agent/share/micro_ros_agent/package.ps1'
[27.518s] INFO:colcon.colcon_core.shell:Creating package descriptor '/home/sitong/micro_ros_ws/install/micro_ros_agent/share/micro_ros_agent/package.dsv'
[27.519s] INFO:colcon.colcon_core.shell:Creating package script '/home/sitong/micro_ros_ws/install/micro_ros_agent/share/micro_ros_agent/package.sh'
[27.519s] INFO:colcon.colcon_core.shell:Creating package script '/home/sitong/micro_ros_ws/install/micro_ros_agent/share/micro_ros_agent/package.bash'
[27.519s] INFO:colcon.colcon_core.shell:Creating package script '/home/sitong/micro_ros_ws/install/micro_ros_agent/share/micro_ros_agent/package.zsh'
[27.520s] Level 1:colcon.colcon_core.environment:create_file_with_runtime_dependencies(/home/sitong/micro_ros_ws/install/micro_ros_agent/share/colcon-core/packages/micro_ros_agent)
[27.520s] DEBUG:colcon.colcon_parallel_executor.executor.parallel:closing loop
[27.520s] DEBUG:colcon.colcon_parallel_executor.executor.parallel:loop closed
[27.520s] DEBUG:colcon.colcon_parallel_executor.executor.parallel:run_until_complete finished with '0'
[27.520s] DEBUG:colcon.colcon_core.event_reactor:joining thread
[27.524s] INFO:colcon.colcon_core.plugin_system:Skipping extension 'colcon_notification.desktop_notification.terminal_notifier': Not used on non-Darwin systems
[27.524s] INFO:colcon.colcon_core.plugin_system:Skipping extension 'colcon_notification.desktop_notification.win32': Not used on non-Windows systems
[27.524s] INFO:colcon.colcon_notification.desktop_notification:Sending desktop notification using 'notify2'
[27.535s] DEBUG:colcon.colcon_core.event_reactor:joined thread
[27.535s] INFO:colcon.colcon_core.shell:Creating prefix script '/home/sitong/micro_ros_ws/install/local_setup.ps1'
[27.536s] INFO:colcon.colcon_core.shell:Creating prefix util module '/home/sitong/micro_ros_ws/install/_local_setup_util_ps1.py'
[27.537s] INFO:colcon.colcon_core.shell:Creating prefix chain script '/home/sitong/micro_ros_ws/install/setup.ps1'
[27.538s] INFO:colcon.colcon_core.shell:Creating prefix script '/home/sitong/micro_ros_ws/install/local_setup.sh'
[27.538s] INFO:colcon.colcon_core.shell:Creating prefix util module '/home/sitong/micro_ros_ws/install/_local_setup_util_sh.py'
[27.539s] INFO:colcon.colcon_core.shell:Creating prefix chain script '/home/sitong/micro_ros_ws/install/setup.sh'
[27.540s] INFO:colcon.colcon_core.shell:Creating prefix script '/home/sitong/micro_ros_ws/install/local_setup.bash'
[27.540s] INFO:colcon.colcon_core.shell:Creating prefix chain script '/home/sitong/micro_ros_ws/install/setup.bash'
[27.541s] INFO:colcon.colcon_core.shell:Creating prefix script '/home/sitong/micro_ros_ws/install/local_setup.zsh'
[27.541s] INFO:colcon.colcon_core.shell:Creating prefix chain script '/home/sitong/micro_ros_ws/install/setup.zsh'
