[1.143s] Invoking command in '/home/sitong/micro_ros_ws/firmware/mcu_ws/uros/tracetools/tracetools_read': PYTHONPATH=/home/sitong/micro_ros_ws/firmware/mcu_ws/build/tracetools_read/prefix_override:/home/sitong/micro_ros_ws/firmware/toolchain/espressif/python_env/idf4.1_py3.10_env/lib/python3.10/site-packages/colcon_core/task/python/colcon_distutils_commands:/home/sitong/micro_ros_ws/firmware/mcu_ws/install/lib/python3.10/site-packages:${PYTHONPATH} /home/sitong/micro_ros_ws/firmware/toolchain/espressif/python_env/idf4.1_py3.10_env/bin/python -W ignore:setup.py install is deprecated setup.py egg_info --egg-base ../../../build/tracetools_read build --build-base /home/sitong/micro_ros_ws/firmware/mcu_ws/build/tracetools_read/build install --record /home/sitong/micro_ros_ws/firmware/mcu_ws/build/tracetools_read/install.log --single-version-externally-managed install_data
[1.308s] /home/sitong/micro_ros_ws/firmware/toolchain/espressif/python_env/idf4.1_py3.10_env/lib/python3.10/site-packages/setuptools/_distutils/dist.py:261: UserWarning: Unknown distribution option: 'tests_require'
[1.309s]   warnings.warn(msg)
[1.385s] running egg_info
[1.392s] creating ../../../build/tracetools_read/tracetools_read.egg-info
[1.393s] writing ../../../build/tracetools_read/tracetools_read.egg-info/PKG-INFO
[1.393s] writing dependency_links to ../../../build/tracetools_read/tracetools_read.egg-info/dependency_links.txt
[1.394s] writing requirements to ../../../build/tracetools_read/tracetools_read.egg-info/requires.txt
[1.394s] writing top-level names to ../../../build/tracetools_read/tracetools_read.egg-info/top_level.txt
[1.394s] writing manifest file '../../../build/tracetools_read/tracetools_read.egg-info/SOURCES.txt'
[1.417s] reading manifest file '../../../build/tracetools_read/tracetools_read.egg-info/SOURCES.txt'
[1.419s] writing manifest file '../../../build/tracetools_read/tracetools_read.egg-info/SOURCES.txt'
[1.420s] running build
[1.420s] running build_py
[1.425s] creating /home/sitong/micro_ros_ws/firmware/mcu_ws/build/tracetools_read/build/lib/tracetools_read
[1.425s] copying tracetools_read/__init__.py -> /home/sitong/micro_ros_ws/firmware/mcu_ws/build/tracetools_read/build/lib/tracetools_read
[1.426s] copying tracetools_read/trace.py -> /home/sitong/micro_ros_ws/firmware/mcu_ws/build/tracetools_read/build/lib/tracetools_read
[1.427s] running install
[1.434s] running install_lib
[1.446s] creating /home/sitong/micro_ros_ws/firmware/mcu_ws/install/lib/python3.10/site-packages/tracetools_read
[1.446s] copying /home/sitong/micro_ros_ws/firmware/mcu_ws/build/tracetools_read/build/lib/tracetools_read/__init__.py -> /home/sitong/micro_ros_ws/firmware/mcu_ws/install/lib/python3.10/site-packages/tracetools_read
[1.446s] copying /home/sitong/micro_ros_ws/firmware/mcu_ws/build/tracetools_read/build/lib/tracetools_read/trace.py -> /home/sitong/micro_ros_ws/firmware/mcu_ws/install/lib/python3.10/site-packages/tracetools_read
[1.446s] byte-compiling /home/sitong/micro_ros_ws/firmware/mcu_ws/install/lib/python3.10/site-packages/tracetools_read/__init__.py to __init__.cpython-310.pyc
[1.447s] byte-compiling /home/sitong/micro_ros_ws/firmware/mcu_ws/install/lib/python3.10/site-packages/tracetools_read/trace.py to trace.cpython-310.pyc
[1.447s] running install_data
[1.447s] copying package.xml -> /home/sitong/micro_ros_ws/firmware/mcu_ws/install/share/tracetools_read
[1.448s] copying resource/tracetools_read -> /home/sitong/micro_ros_ws/firmware/mcu_ws/install/share/ament_index/resource_index/packages
[1.448s] running install_egg_info
[1.461s] Copying ../../../build/tracetools_read/tracetools_read.egg-info to /home/sitong/micro_ros_ws/firmware/mcu_ws/install/lib/python3.10/site-packages/tracetools_read-4.1.1-py3.10.egg-info
[1.461s] running install_scripts
[1.543s] writing list of installed files to '/home/sitong/micro_ros_ws/firmware/mcu_ws/build/tracetools_read/install.log'
[1.582s] Invoked command in '/home/sitong/micro_ros_ws/firmware/mcu_ws/uros/tracetools/tracetools_read' returned '0': PYTHONPATH=/home/sitong/micro_ros_ws/firmware/mcu_ws/build/tracetools_read/prefix_override:/home/sitong/micro_ros_ws/firmware/toolchain/espressif/python_env/idf4.1_py3.10_env/lib/python3.10/site-packages/colcon_core/task/python/colcon_distutils_commands:/home/sitong/micro_ros_ws/firmware/mcu_ws/install/lib/python3.10/site-packages:${PYTHONPATH} /home/sitong/micro_ros_ws/firmware/toolchain/espressif/python_env/idf4.1_py3.10_env/bin/python -W ignore:setup.py install is deprecated setup.py egg_info --egg-base ../../../build/tracetools_read build --build-base /home/sitong/micro_ros_ws/firmware/mcu_ws/build/tracetools_read/build install --record /home/sitong/micro_ros_ws/firmware/mcu_ws/build/tracetools_read/install.log --single-version-externally-managed install_data
