[0.247s] Invoking command in '/home/sitong/micro_ros_ws/firmware/mcu_ws/build/tracetools': CMAKE_PREFIX_PATH=${CMAKE_PREFIX_PATH}:/home/sitong/micro_ros_ws/firmware/dev_ws/install/ament_uncrustify:/home/sitong/micro_ros_ws/firmware/dev_ws/install/domain_coordinator:/home/sitong/micro_ros_ws/firmware/dev_ws/install/ament_xmllint:/home/sitong/micro_ros_ws/firmware/dev_ws/install/ament_pyflakes:/home/sitong/micro_ros_ws/firmware/dev_ws/install/ament_pycodestyle:/home/sitong/micro_ros_ws/firmware/dev_ws/install/ament_pep257:/home/sitong/micro_ros_ws/firmware/dev_ws/install/ament_pclint:/home/sitong/micro_ros_ws/firmware/dev_ws/install/ament_package:/home/sitong/micro_ros_ws/firmware/dev_ws/install/ament_mypy:/home/sitong/micro_ros_ws/firmware/dev_ws/install/ament_lint_cmake:/home/sitong/micro_ros_ws/firmware/dev_ws/install/ament_flake8:/home/sitong/micro_ros_ws/firmware/dev_ws/install/ament_copyright:/home/sitong/micro_ros_ws/firmware/dev_ws/install/ament_lint:/home/sitong/micro_ros_ws/firmware/dev_ws/install/ament_index_python:/home/sitong/micro_ros_ws/firmware/dev_ws/install/ament_cpplint:/home/sitong/micro_ros_ws/firmware/dev_ws/install/ament_cppcheck:/home/sitong/micro_ros_ws/firmware/dev_ws/install/ament_clang_tidy:/home/sitong/micro_ros_ws/firmware/dev_ws/install/ament_clang_format /usr/bin/cmake /home/sitong/micro_ros_ws/firmware/mcu_ws/uros/tracetools/tracetools --no-warn-unused-cli -DCMAKE_POSITION_INDEPENDENT_CODE:BOOL=OFF -DTHIRDPARTY=ON -DBUILD_SHARED_LIBS=OFF -DBUILD_TESTING=OFF -DCMAKE_BUILD_TYPE=Debug -DCMAKE_TOOLCHAIN_FILE=/home/sitong/micro_ros_ws/firmware/freertos_apps/microros_esp32_extensions/esp32_toolchain.cmake -DCMAKE_VERBOSE_MAKEFILE=ON -DTRACETOOLS_DISABLED=ON -DTRACETOOLS_STATUS_CHECKING_TOOL=OFF -DCMAKE_INSTALL_PREFIX=/home/sitong/micro_ros_ws/firmware/mcu_ws/install
[0.687s] Not searching for unused variables given on the command line.
[0.687s] -- The C compiler identification is GNU 8.2.0
[0.687s] -- The CXX compiler identification is GNU 8.2.0
[0.687s] -- Detecting C compiler ABI info
[0.687s] -- Detecting C compiler ABI info - done
[0.687s] -- Check for working C compiler: /home/sitong/micro_ros_ws/firmware/toolchain/espressif/tools/xtensa-esp32-elf/esp-2020r2-8.2.0/xtensa-esp32-elf/bin/xtensa-esp32-elf-gcc - skipped
[0.687s] -- Detecting C compile features
[0.687s] -- Detecting C compile features - done
[0.687s] -- Detecting CXX compiler ABI info
[0.687s] -- Detecting CXX compiler ABI info - done
[0.687s] -- Check for working CXX compiler: /home/sitong/micro_ros_ws/firmware/toolchain/espressif/tools/xtensa-esp32-elf/esp-2020r2-8.2.0/xtensa-esp32-elf/bin/xtensa-esp32-elf-g++ - skipped
[0.688s] -- Detecting CXX compile features
[0.688s] -- Detecting CXX compile features - done
[0.688s] -- Found ament_cmake_ros: 0.10.0 (/home/sitong/micro_ros_ws/firmware/dev_ws/install/ament_cmake_ros/share/ament_cmake_ros/cmake)
[0.806s] -- Found Python3: /home/sitong/micro_ros_ws/firmware/toolchain/espressif/python_env/idf4.1_py3.10_env/bin/python3 (found version "3.10.12") found components: Interpreter 
[1.101s] -- Configuring done
[1.107s] -- Generating done
[1.108s] -- Build files have been written to: /home/sitong/micro_ros_ws/firmware/mcu_ws/build/tracetools
[1.118s] Invoked command in '/home/sitong/micro_ros_ws/firmware/mcu_ws/build/tracetools' returned '0': CMAKE_PREFIX_PATH=${CMAKE_PREFIX_PATH}:/home/sitong/micro_ros_ws/firmware/dev_ws/install/ament_uncrustify:/home/sitong/micro_ros_ws/firmware/dev_ws/install/domain_coordinator:/home/sitong/micro_ros_ws/firmware/dev_ws/install/ament_xmllint:/home/sitong/micro_ros_ws/firmware/dev_ws/install/ament_pyflakes:/home/sitong/micro_ros_ws/firmware/dev_ws/install/ament_pycodestyle:/home/sitong/micro_ros_ws/firmware/dev_ws/install/ament_pep257:/home/sitong/micro_ros_ws/firmware/dev_ws/install/ament_pclint:/home/sitong/micro_ros_ws/firmware/dev_ws/install/ament_package:/home/sitong/micro_ros_ws/firmware/dev_ws/install/ament_mypy:/home/sitong/micro_ros_ws/firmware/dev_ws/install/ament_lint_cmake:/home/sitong/micro_ros_ws/firmware/dev_ws/install/ament_flake8:/home/sitong/micro_ros_ws/firmware/dev_ws/install/ament_copyright:/home/sitong/micro_ros_ws/firmware/dev_ws/install/ament_lint:/home/sitong/micro_ros_ws/firmware/dev_ws/install/ament_index_python:/home/sitong/micro_ros_ws/firmware/dev_ws/install/ament_cpplint:/home/sitong/micro_ros_ws/firmware/dev_ws/install/ament_cppcheck:/home/sitong/micro_ros_ws/firmware/dev_ws/install/ament_clang_tidy:/home/sitong/micro_ros_ws/firmware/dev_ws/install/ament_clang_format /usr/bin/cmake /home/sitong/micro_ros_ws/firmware/mcu_ws/uros/tracetools/tracetools --no-warn-unused-cli -DCMAKE_POSITION_INDEPENDENT_CODE:BOOL=OFF -DTHIRDPARTY=ON -DBUILD_SHARED_LIBS=OFF -DBUILD_TESTING=OFF -DCMAKE_BUILD_TYPE=Debug -DCMAKE_TOOLCHAIN_FILE=/home/sitong/micro_ros_ws/firmware/freertos_apps/microros_esp32_extensions/esp32_toolchain.cmake -DCMAKE_VERBOSE_MAKEFILE=ON -DTRACETOOLS_DISABLED=ON -DTRACETOOLS_STATUS_CHECKING_TOOL=OFF -DCMAKE_INSTALL_PREFIX=/home/sitong/micro_ros_ws/firmware/mcu_ws/install
[1.121s] Invoking command in '/home/sitong/micro_ros_ws/firmware/mcu_ws/build/tracetools': CMAKE_PREFIX_PATH=${CMAKE_PREFIX_PATH}:/home/sitong/micro_ros_ws/firmware/dev_ws/install/ament_uncrustify:/home/sitong/micro_ros_ws/firmware/dev_ws/install/domain_coordinator:/home/sitong/micro_ros_ws/firmware/dev_ws/install/ament_xmllint:/home/sitong/micro_ros_ws/firmware/dev_ws/install/ament_pyflakes:/home/sitong/micro_ros_ws/firmware/dev_ws/install/ament_pycodestyle:/home/sitong/micro_ros_ws/firmware/dev_ws/install/ament_pep257:/home/sitong/micro_ros_ws/firmware/dev_ws/install/ament_pclint:/home/sitong/micro_ros_ws/firmware/dev_ws/install/ament_package:/home/sitong/micro_ros_ws/firmware/dev_ws/install/ament_mypy:/home/sitong/micro_ros_ws/firmware/dev_ws/install/ament_lint_cmake:/home/sitong/micro_ros_ws/firmware/dev_ws/install/ament_flake8:/home/sitong/micro_ros_ws/firmware/dev_ws/install/ament_copyright:/home/sitong/micro_ros_ws/firmware/dev_ws/install/ament_lint:/home/sitong/micro_ros_ws/firmware/dev_ws/install/ament_index_python:/home/sitong/micro_ros_ws/firmware/dev_ws/install/ament_cpplint:/home/sitong/micro_ros_ws/firmware/dev_ws/install/ament_cppcheck:/home/sitong/micro_ros_ws/firmware/dev_ws/install/ament_clang_tidy:/home/sitong/micro_ros_ws/firmware/dev_ws/install/ament_clang_format /usr/bin/cmake --build /home/sitong/micro_ros_ws/firmware/mcu_ws/build/tracetools -- -j16 -l16
[1.145s] gmake[4]: Entering directory '/home/sitong/micro_ros_ws/firmware/mcu_ws/build/tracetools'
[1.146s] /usr/bin/cmake -S/home/sitong/micro_ros_ws/firmware/mcu_ws/uros/tracetools/tracetools -B/home/sitong/micro_ros_ws/firmware/mcu_ws/build/tracetools --check-build-system CMakeFiles/Makefile.cmake 0
[1.158s] /usr/bin/cmake -E cmake_progress_start /home/sitong/micro_ros_ws/firmware/mcu_ws/build/tracetools/CMakeFiles /home/sitong/micro_ros_ws/firmware/mcu_ws/build/tracetools//CMakeFiles/progress.marks
[1.166s] /usr/bin/gmake  -f CMakeFiles/Makefile2 all
[1.167s] gmake[5]: Entering directory '/home/sitong/micro_ros_ws/firmware/mcu_ws/build/tracetools'
[1.167s] gmake[5]: Nothing to be done for 'all'.
[1.168s] gmake[5]: Leaving directory '/home/sitong/micro_ros_ws/firmware/mcu_ws/build/tracetools'
[1.168s] /usr/bin/cmake -E cmake_progress_start /home/sitong/micro_ros_ws/firmware/mcu_ws/build/tracetools/CMakeFiles 0
[1.177s] gmake[4]: Leaving directory '/home/sitong/micro_ros_ws/firmware/mcu_ws/build/tracetools'
[1.182s] Invoked command in '/home/sitong/micro_ros_ws/firmware/mcu_ws/build/tracetools' returned '0': CMAKE_PREFIX_PATH=${CMAKE_PREFIX_PATH}:/home/sitong/micro_ros_ws/firmware/dev_ws/install/ament_uncrustify:/home/sitong/micro_ros_ws/firmware/dev_ws/install/domain_coordinator:/home/sitong/micro_ros_ws/firmware/dev_ws/install/ament_xmllint:/home/sitong/micro_ros_ws/firmware/dev_ws/install/ament_pyflakes:/home/sitong/micro_ros_ws/firmware/dev_ws/install/ament_pycodestyle:/home/sitong/micro_ros_ws/firmware/dev_ws/install/ament_pep257:/home/sitong/micro_ros_ws/firmware/dev_ws/install/ament_pclint:/home/sitong/micro_ros_ws/firmware/dev_ws/install/ament_package:/home/sitong/micro_ros_ws/firmware/dev_ws/install/ament_mypy:/home/sitong/micro_ros_ws/firmware/dev_ws/install/ament_lint_cmake:/home/sitong/micro_ros_ws/firmware/dev_ws/install/ament_flake8:/home/sitong/micro_ros_ws/firmware/dev_ws/install/ament_copyright:/home/sitong/micro_ros_ws/firmware/dev_ws/install/ament_lint:/home/sitong/micro_ros_ws/firmware/dev_ws/install/ament_index_python:/home/sitong/micro_ros_ws/firmware/dev_ws/install/ament_cpplint:/home/sitong/micro_ros_ws/firmware/dev_ws/install/ament_cppcheck:/home/sitong/micro_ros_ws/firmware/dev_ws/install/ament_clang_tidy:/home/sitong/micro_ros_ws/firmware/dev_ws/install/ament_clang_format /usr/bin/cmake --build /home/sitong/micro_ros_ws/firmware/mcu_ws/build/tracetools -- -j16 -l16
[1.219s] Invoking command in '/home/sitong/micro_ros_ws/firmware/mcu_ws/build/tracetools': CMAKE_PREFIX_PATH=${CMAKE_PREFIX_PATH}:/home/sitong/micro_ros_ws/firmware/dev_ws/install/ament_uncrustify:/home/sitong/micro_ros_ws/firmware/dev_ws/install/domain_coordinator:/home/sitong/micro_ros_ws/firmware/dev_ws/install/ament_xmllint:/home/sitong/micro_ros_ws/firmware/dev_ws/install/ament_pyflakes:/home/sitong/micro_ros_ws/firmware/dev_ws/install/ament_pycodestyle:/home/sitong/micro_ros_ws/firmware/dev_ws/install/ament_pep257:/home/sitong/micro_ros_ws/firmware/dev_ws/install/ament_pclint:/home/sitong/micro_ros_ws/firmware/dev_ws/install/ament_package:/home/sitong/micro_ros_ws/firmware/dev_ws/install/ament_mypy:/home/sitong/micro_ros_ws/firmware/dev_ws/install/ament_lint_cmake:/home/sitong/micro_ros_ws/firmware/dev_ws/install/ament_flake8:/home/sitong/micro_ros_ws/firmware/dev_ws/install/ament_copyright:/home/sitong/micro_ros_ws/firmware/dev_ws/install/ament_lint:/home/sitong/micro_ros_ws/firmware/dev_ws/install/ament_index_python:/home/sitong/micro_ros_ws/firmware/dev_ws/install/ament_cpplint:/home/sitong/micro_ros_ws/firmware/dev_ws/install/ament_cppcheck:/home/sitong/micro_ros_ws/firmware/dev_ws/install/ament_clang_tidy:/home/sitong/micro_ros_ws/firmware/dev_ws/install/ament_clang_format /usr/bin/cmake --install /home/sitong/micro_ros_ws/firmware/mcu_ws/build/tracetools
[1.228s] -- Install configuration: "Debug"
[1.228s] -- Up-to-date: /home/sitong/micro_ros_ws/firmware/mcu_ws/install/include/tracetools
[1.228s] -- Installing: /home/sitong/micro_ros_ws/firmware/mcu_ws/install/include/tracetools/tracetools
[1.228s] -- Installing: /home/sitong/micro_ros_ws/firmware/mcu_ws/install/include/tracetools/tracetools/config.h
[1.228s] -- Installing: /home/sitong/micro_ros_ws/firmware/mcu_ws/install/include/tracetools/tracetools/visibility_control.hpp
[1.228s] -- Installing: /home/sitong/micro_ros_ws/firmware/mcu_ws/install/include/tracetools/tracetools/utils.hpp
[1.229s] -- Installing: /home/sitong/micro_ros_ws/firmware/mcu_ws/install/include/tracetools/tracetools/tracetools.h
[1.229s] -- Installing: /home/sitong/micro_ros_ws/firmware/mcu_ws/install/share/ament_index/resource_index/package_run_dependencies/tracetools
[1.229s] -- Installing: /home/sitong/micro_ros_ws/firmware/mcu_ws/install/share/ament_index/resource_index/parent_prefix_path/tracetools
[1.229s] -- Installing: /home/sitong/micro_ros_ws/firmware/mcu_ws/install/share/tracetools/environment/ament_prefix_path.sh
[1.229s] -- Installing: /home/sitong/micro_ros_ws/firmware/mcu_ws/install/share/tracetools/environment/ament_prefix_path.dsv
[1.230s] -- Installing: /home/sitong/micro_ros_ws/firmware/mcu_ws/install/share/tracetools/environment/path.sh
[1.230s] -- Installing: /home/sitong/micro_ros_ws/firmware/mcu_ws/install/share/tracetools/environment/path.dsv
[1.230s] -- Installing: /home/sitong/micro_ros_ws/firmware/mcu_ws/install/share/tracetools/local_setup.bash
[1.230s] -- Installing: /home/sitong/micro_ros_ws/firmware/mcu_ws/install/share/tracetools/local_setup.sh
[1.230s] -- Installing: /home/sitong/micro_ros_ws/firmware/mcu_ws/install/share/tracetools/local_setup.zsh
[1.231s] -- Installing: /home/sitong/micro_ros_ws/firmware/mcu_ws/install/share/tracetools/local_setup.dsv
[1.231s] -- Installing: /home/sitong/micro_ros_ws/firmware/mcu_ws/install/share/tracetools/package.dsv
[1.231s] -- Installing: /home/sitong/micro_ros_ws/firmware/mcu_ws/install/share/ament_index/resource_index/packages/tracetools
[1.231s] -- Installing: /home/sitong/micro_ros_ws/firmware/mcu_ws/install/share/tracetools/cmake/tracetools_exportExport.cmake
[1.231s] -- Installing: /home/sitong/micro_ros_ws/firmware/mcu_ws/install/share/tracetools/cmake/ament_cmake_export_targets-extras.cmake
[1.232s] -- Installing: /home/sitong/micro_ros_ws/firmware/mcu_ws/install/share/tracetools/cmake/ament_cmake_export_include_directories-extras.cmake
[1.232s] -- Installing: /home/sitong/micro_ros_ws/firmware/mcu_ws/install/share/tracetools/cmake/tracetoolsConfig.cmake
[1.232s] -- Installing: /home/sitong/micro_ros_ws/firmware/mcu_ws/install/share/tracetools/cmake/tracetoolsConfig-version.cmake
[1.232s] -- Installing: /home/sitong/micro_ros_ws/firmware/mcu_ws/install/share/tracetools/package.xml
[1.236s] Invoked command in '/home/sitong/micro_ros_ws/firmware/mcu_ws/build/tracetools' returned '0': CMAKE_PREFIX_PATH=${CMAKE_PREFIX_PATH}:/home/sitong/micro_ros_ws/firmware/dev_ws/install/ament_uncrustify:/home/sitong/micro_ros_ws/firmware/dev_ws/install/domain_coordinator:/home/sitong/micro_ros_ws/firmware/dev_ws/install/ament_xmllint:/home/sitong/micro_ros_ws/firmware/dev_ws/install/ament_pyflakes:/home/sitong/micro_ros_ws/firmware/dev_ws/install/ament_pycodestyle:/home/sitong/micro_ros_ws/firmware/dev_ws/install/ament_pep257:/home/sitong/micro_ros_ws/firmware/dev_ws/install/ament_pclint:/home/sitong/micro_ros_ws/firmware/dev_ws/install/ament_package:/home/sitong/micro_ros_ws/firmware/dev_ws/install/ament_mypy:/home/sitong/micro_ros_ws/firmware/dev_ws/install/ament_lint_cmake:/home/sitong/micro_ros_ws/firmware/dev_ws/install/ament_flake8:/home/sitong/micro_ros_ws/firmware/dev_ws/install/ament_copyright:/home/sitong/micro_ros_ws/firmware/dev_ws/install/ament_lint:/home/sitong/micro_ros_ws/firmware/dev_ws/install/ament_index_python:/home/sitong/micro_ros_ws/firmware/dev_ws/install/ament_cpplint:/home/sitong/micro_ros_ws/firmware/dev_ws/install/ament_cppcheck:/home/sitong/micro_ros_ws/firmware/dev_ws/install/ament_clang_tidy:/home/sitong/micro_ros_ws/firmware/dev_ws/install/ament_clang_format /usr/bin/cmake --install /home/sitong/micro_ros_ws/firmware/mcu_ws/build/tracetools
