[0.585s] Invoking command in '/home/sitong/micro_ros_ws/firmware/mcu_ws/ros2/common_interfaces/sensor_msgs_py': AMENT_PREFIX_PATH=/home/sitong/micro_ros_ws/firmware/mcu_ws/install:${AMENT_PREFIX_PATH} CMAKE_PREFIX_PATH=/home/sitong/micro_ros_ws/firmware/mcu_ws/install:${CMAKE_PREFIX_PATH} LD_LIBRARY_PATH=/home/sitong/micro_ros_ws/firmware/mcu_ws/install/lib:${LD_LIBRARY_PATH} PATH=/home/sitong/micro_ros_ws/firmware/mcu_ws/install/bin:${PATH} PYTHONPATH=/home/sitong/micro_ros_ws/firmware/mcu_ws/build/sensor_msgs_py/prefix_override:/home/sitong/micro_ros_ws/firmware/toolchain/espressif/python_env/idf4.1_py3.10_env/lib/python3.10/site-packages/colcon_core/task/python/colcon_distutils_commands:/home/sitong/micro_ros_ws/firmware/mcu_ws/install/lib/python3.10/site-packages:/home/sitong/micro_ros_ws/firmware/mcu_ws/install/lib/python3.10/site-packages:${PYTHONPATH} /home/sitong/micro_ros_ws/firmware/toolchain/espressif/python_env/idf4.1_py3.10_env/bin/python -W ignore:setup.py install is deprecated setup.py egg_info --egg-base ../../../build/sensor_msgs_py build --build-base /home/sitong/micro_ros_ws/firmware/mcu_ws/build/sensor_msgs_py/build install --record /home/sitong/micro_ros_ws/firmware/mcu_ws/build/sensor_msgs_py/install.log --single-version-externally-managed install_data
[0.702s] /home/sitong/micro_ros_ws/firmware/toolchain/espressif/python_env/idf4.1_py3.10_env/lib/python3.10/site-packages/setuptools/_distutils/dist.py:261: UserWarning: Unknown distribution option: 'tests_require'
[0.702s]   warnings.warn(msg)
[0.740s] running egg_info
[0.746s] creating ../../../build/sensor_msgs_py/sensor_msgs_py.egg-info
[0.746s] writing ../../../build/sensor_msgs_py/sensor_msgs_py.egg-info/PKG-INFO
[0.746s] writing dependency_links to ../../../build/sensor_msgs_py/sensor_msgs_py.egg-info/dependency_links.txt
[0.747s] writing requirements to ../../../build/sensor_msgs_py/sensor_msgs_py.egg-info/requires.txt
[0.747s] writing top-level names to ../../../build/sensor_msgs_py/sensor_msgs_py.egg-info/top_level.txt
[0.747s] writing manifest file '../../../build/sensor_msgs_py/sensor_msgs_py.egg-info/SOURCES.txt'
[0.760s] reading manifest file '../../../build/sensor_msgs_py/sensor_msgs_py.egg-info/SOURCES.txt'
[0.760s] adding license file 'LICENSE'
[0.761s] writing manifest file '../../../build/sensor_msgs_py/sensor_msgs_py.egg-info/SOURCES.txt'
[0.761s] running build
[0.761s] running build_py
[0.761s] creating /home/sitong/micro_ros_ws/firmware/mcu_ws/build/sensor_msgs_py/build/lib/sensor_msgs_py
[0.762s] copying sensor_msgs_py/__init__.py -> /home/sitong/micro_ros_ws/firmware/mcu_ws/build/sensor_msgs_py/build/lib/sensor_msgs_py
[0.762s] copying sensor_msgs_py/point_cloud2.py -> /home/sitong/micro_ros_ws/firmware/mcu_ws/build/sensor_msgs_py/build/lib/sensor_msgs_py
[0.762s] copying sensor_msgs_py/numpy_compat.py -> /home/sitong/micro_ros_ws/firmware/mcu_ws/build/sensor_msgs_py/build/lib/sensor_msgs_py
[0.762s] running install
[0.766s] running install_lib
[0.773s] creating /home/sitong/micro_ros_ws/firmware/mcu_ws/install/lib/python3.10/site-packages/sensor_msgs_py
[0.773s] copying /home/sitong/micro_ros_ws/firmware/mcu_ws/build/sensor_msgs_py/build/lib/sensor_msgs_py/__init__.py -> /home/sitong/micro_ros_ws/firmware/mcu_ws/install/lib/python3.10/site-packages/sensor_msgs_py
[0.773s] copying /home/sitong/micro_ros_ws/firmware/mcu_ws/build/sensor_msgs_py/build/lib/sensor_msgs_py/point_cloud2.py -> /home/sitong/micro_ros_ws/firmware/mcu_ws/install/lib/python3.10/site-packages/sensor_msgs_py
[0.773s] copying /home/sitong/micro_ros_ws/firmware/mcu_ws/build/sensor_msgs_py/build/lib/sensor_msgs_py/numpy_compat.py -> /home/sitong/micro_ros_ws/firmware/mcu_ws/install/lib/python3.10/site-packages/sensor_msgs_py
[0.774s] byte-compiling /home/sitong/micro_ros_ws/firmware/mcu_ws/install/lib/python3.10/site-packages/sensor_msgs_py/__init__.py to __init__.cpython-310.pyc
[0.774s] byte-compiling /home/sitong/micro_ros_ws/firmware/mcu_ws/install/lib/python3.10/site-packages/sensor_msgs_py/point_cloud2.py to point_cloud2.cpython-310.pyc
[0.776s] byte-compiling /home/sitong/micro_ros_ws/firmware/mcu_ws/install/lib/python3.10/site-packages/sensor_msgs_py/numpy_compat.py to numpy_compat.cpython-310.pyc
[0.776s] running install_data
[0.777s] copying resource/sensor_msgs_py -> /home/sitong/micro_ros_ws/firmware/mcu_ws/install/share/ament_index/resource_index/packages
[0.777s] copying package.xml -> /home/sitong/micro_ros_ws/firmware/mcu_ws/install/share/sensor_msgs_py
[0.777s] running install_egg_info
[0.785s] Copying ../../../build/sensor_msgs_py/sensor_msgs_py.egg-info to /home/sitong/micro_ros_ws/firmware/mcu_ws/install/lib/python3.10/site-packages/sensor_msgs_py-4.2.4-py3.10.egg-info
[0.786s] running install_scripts
[0.832s] writing list of installed files to '/home/sitong/micro_ros_ws/firmware/mcu_ws/build/sensor_msgs_py/install.log'
[0.853s] Invoked command in '/home/sitong/micro_ros_ws/firmware/mcu_ws/ros2/common_interfaces/sensor_msgs_py' returned '0': AMENT_PREFIX_PATH=/home/sitong/micro_ros_ws/firmware/mcu_ws/install:${AMENT_PREFIX_PATH} CMAKE_PREFIX_PATH=/home/sitong/micro_ros_ws/firmware/mcu_ws/install:${CMAKE_PREFIX_PATH} LD_LIBRARY_PATH=/home/sitong/micro_ros_ws/firmware/mcu_ws/install/lib:${LD_LIBRARY_PATH} PATH=/home/sitong/micro_ros_ws/firmware/mcu_ws/install/bin:${PATH} PYTHONPATH=/home/sitong/micro_ros_ws/firmware/mcu_ws/build/sensor_msgs_py/prefix_override:/home/sitong/micro_ros_ws/firmware/toolchain/espressif/python_env/idf4.1_py3.10_env/lib/python3.10/site-packages/colcon_core/task/python/colcon_distutils_commands:/home/sitong/micro_ros_ws/firmware/mcu_ws/install/lib/python3.10/site-packages:/home/sitong/micro_ros_ws/firmware/mcu_ws/install/lib/python3.10/site-packages:${PYTHONPATH} /home/sitong/micro_ros_ws/firmware/toolchain/espressif/python_env/idf4.1_py3.10_env/bin/python -W ignore:setup.py install is deprecated setup.py egg_info --egg-base ../../../build/sensor_msgs_py build --build-base /home/sitong/micro_ros_ws/firmware/mcu_ws/build/sensor_msgs_py/build install --record /home/sitong/micro_ros_ws/firmware/mcu_ws/build/sensor_msgs_py/install.log --single-version-externally-managed install_data
